[1121/104652.113:ERROR:process_info.cc(359)] UncheckedAllocate
[1121/113545.857:ERROR:process_info.cc(359)] UncheckedAllocate
[1121/113553.727:ERROR:process_info.cc(359)] UncheckedAllocate
[1121/124042.581:ERROR:process_info.cc(359)] UncheckedAllocate
[1121/124044.856:ERROR:process_info.cc(359)] UncheckedAllocate
[1121/124045.055:ERROR:process_info.cc(359)] UncheckedAllocate
[1121/124045.244:ERROR:process_info.cc(359)] UncheckedAllocate
[1121/124129.669:ERROR:process_info.cc(359)] UncheckedAllocate
[1121/124129.670:ERROR:process_info.cc(359)] UncheckedAllocate
[1121/151734.670:ERROR:process_info.cc(359)] UncheckedAllocate
[1121/155919.794:ERROR:process_info.cc(359)] UncheckedAllocate
[1121/155922.289:ERROR:process_memory_win.cc(73)] ReadMemory at 0x7ff758f90000 of 64 bytes failed: Only part of a ReadProcessMemory or WriteProcessMemory request was completed. (0x12B)
[1121/155922.396:WARNING:pe_image_reader.cc(340)] could not read dos header from C:\Program Files (x86)\Google\Chrome\Application\chrome.exe
[1121/155922.396:ERROR:process_memory_win.cc(73)] ReadMemory at 0x7ffd5ea60000 of 64 bytes failed: Only part of a ReadProcessMemory or WriteProcessMemory request was completed. (0x12B)
[1121/155922.396:WARNING:pe_image_reader.cc(340)] could not read dos header from C:\WINDOWS\SYSTEM32\ntdll.dll
[1121/155922.396:ERROR:process_memory_win.cc(73)] ReadMemory at 0x7ffd5e960000 of 64 bytes failed: Only part of a ReadProcessMemory or WriteProcessMemory request was completed. (0x12B)
[1121/155922.396:WARNING:pe_image_reader.cc(340)] could not read dos header from C:\WINDOWS\System32\KERNEL32.DLL
[1121/155922.396:ERROR:process_memory_win.cc(73)] ReadMemory at 0x7ffd5bcc0000 of 64 bytes failed: Only part of a ReadProcessMemory or WriteProcessMemory request was completed. (0x12B)
[1121/155922.396:WARNING:pe_image_reader.cc(340)] could not read dos header from C:\WINDOWS\System32\KERNELBASE.dll
[1121/155922.397:ERROR:process_memory_win.cc(73)] ReadMemory at 0x7ffd315b0000 of 64 bytes failed: Only part of a ReadProcessMemory or WriteProcessMemory request was completed. (0x12B)
[1121/155922.397:WARNING:pe_image_reader.cc(340)] could not read dos header from C:\Program Files (x86)\Google\Chrome\Application\78.0.3904.108\chrome_elf.dll
[1121/155922.397:ERROR:process_memory_win.cc(73)] ReadMemory at 0x7ffd50650000 of 64 bytes failed: Only part of a ReadProcessMemory or WriteProcessMemory request was completed. (0x12B)
[1121/155922.397:WARNING:pe_image_reader.cc(340)] could not read dos header from C:\WINDOWS\SYSTEM32\VERSION.dll
[1121/155922.397:ERROR:process_memory_win.cc(73)] ReadMemory at 0x7ffd5e590000 of 64 bytes failed: Only part of a ReadProcessMemory or WriteProcessMemory request was completed. (0x12B)
[1121/155922.397:WARNING:pe_image_reader.cc(340)] could not read dos header from C:\WINDOWS\System32\msvcrt.dll
[1121/155922.397:ERROR:process_memory_win.cc(73)] ReadMemory at 0x7ffd5c020000 of 64 bytes failed: Only part of a ReadProcessMemory or WriteProcessMemory request was completed. (0x12B)
[1121/155922.397:WARNING:pe_image_reader.cc(340)] could not read dos header from C:\WINDOWS\System32\bcryptPrimitives.dll
[1121/155922.397:ERROR:process_memory_win.cc(73)] ReadMemory at 0x7ffd5dd00000 of 64 bytes failed: Only part of a ReadProcessMemory or WriteProcessMemory request was completed. (0x12B)
[1121/155922.397:WARNING:pe_image_reader.cc(340)] could not read dos header from C:\WINDOWS\System32\ADVAPI32.dll
[1121/155922.397:ERROR:process_memory_win.cc(73)] ReadMemory at 0x7ffd5e8c0000 of 64 bytes failed: Only part of a ReadProcessMemory or WriteProcessMemory request was completed. (0x12B)
[1121/155922.397:WARNING:pe_image_reader.cc(340)] could not read dos header from C:\WINDOWS\System32\sechost.dll
[1121/155922.397:ERROR:process_memory_win.cc(73)] ReadMemory at 0x7ffd5d310000 of 64 bytes failed: Only part of a ReadProcessMemory or WriteProcessMemory request was completed. (0x12B)
[1121/155922.397:WARNING:pe_image_reader.cc(340)] could not read dos header from C:\WINDOWS\System32\RPCRT4.dll
[1121/155922.397:ERROR:process_memory_win.cc(73)] ReadMemory at 0x7ffd231c0000 of 64 bytes failed: Only part of a ReadProcessMemory or WriteProcessMemory request was completed. (0x12B)
[1121/155922.397:WARNING:pe_image_reader.cc(340)] could not read dos header from C:\Program Files (x86)\Google\Chrome\Application\78.0.3904.108\chrome_child.dll
[1121/155922.397:ERROR:process_memory_win.cc(73)] ReadMemory at 0x7ffd5dc30000 of 64 bytes failed: Only part of a ReadProcessMemory or WriteProcessMemory request was completed. (0x12B)
[1121/155922.397:WARNING:pe_image_reader.cc(340)] could not read dos header from C:\WINDOWS\System32\OLEAUT32.dll
[1121/155922.397:ERROR:process_memory_win.cc(73)] ReadMemory at 0x7ffd5bc20000 of 64 bytes failed: Only part of a ReadProcessMemory or WriteProcessMemory request was completed. (0x12B)
[1121/155922.397:WARNING:pe_image_reader.cc(340)] could not read dos header from C:\WINDOWS\System32\msvcp_win.dll
[1121/155922.397:ERROR:process_memory_win.cc(73)] ReadMemory at 0x7ffd5c9f0000 of 64 bytes failed: Only part of a ReadProcessMemory or WriteProcessMemory request was completed. (0x12B)
[1121/155922.397:WARNING:pe_image_reader.cc(340)] could not read dos header from C:\WINDOWS\System32\ucrtbase.dll
[1121/155922.397:ERROR:process_memory_win.cc(73)] ReadMemory at 0x7ffd5d8e0000 of 64 bytes failed: Only part of a ReadProcessMemory or WriteProcessMemory request was completed. (0x12B)
[1121/155922.397:WARNING:pe_image_reader.cc(340)] could not read dos header from C:\WINDOWS\System32\combase.dll
[1121/155922.397:ERROR:process_memory_win.cc(73)] ReadMemory at 0x7ffd5d700000 of 64 bytes failed: Only part of a ReadProcessMemory or WriteProcessMemory request was completed. (0x12B)
[1121/155922.397:WARNING:pe_image_reader.cc(340)] could not read dos header from C:\WINDOWS\System32\WS2_32.dll
[1121/155922.397:ERROR:process_memory_win.cc(73)] ReadMemory at 0x7ffd5bb70000 of 64 bytes failed: Only part of a ReadProcessMemory or WriteProcessMemory request was completed. (0x12B)
[1121/155922.397:WARNING:pe_image_reader.cc(340)] could not read dos header from C:\WINDOWS\System32\WINTRUST.dll
[1121/155922.397:ERROR:process_memory_win.cc(73)] ReadMemory at 0x7ffd5b940000 of 64 bytes failed: Only part of a ReadProcessMemory or WriteProcessMemory request was completed. (0x12B)
[1121/155922.397:WARNING:pe_image_reader.cc(340)] could not read dos header from C:\WINDOWS\System32\MSASN1.dll
[1121/155922.397:ERROR:process_memory_win.cc(73)] ReadMemory at 0x7ffd5ba20000 of 64 bytes failed: Only part of a ReadProcessMemory or WriteProcessMemory request was completed. (0x12B)
[1121/155922.397:WARNING:pe_image_reader.cc(340)] could not read dos header from C:\WINDOWS\System32\CRYPT32.dll
[1121/155922.397:ERROR:process_memory_win.cc(73)] ReadMemory at 0x7ffd5aeb0000 of 64 bytes failed: Only part of a ReadProcessMemory or WriteProcessMemory request was completed. (0x12B)
[1121/155922.397:WARNING:pe_image_reader.cc(340)] could not read dos header from C:\WINDOWS\SYSTEM32\IPHLPAPI.DLL
[1121/155922.397:ERROR:process_memory_win.cc(73)] ReadMemory at 0x7ffd569c0000 of 64 bytes failed: Only part of a ReadProcessMemory or WriteProcessMemory request was completed. (0x12B)
[1121/155922.397:WARNING:pe_image_reader.cc(340)] could not read dos header from C:\WINDOWS\SYSTEM32\WINMM.dll
[1121/155922.398:ERROR:process_memory_win.cc(73)] ReadMemory at 0x7ffd5b850000 of 64 bytes failed: Only part of a ReadProcessMemory or WriteProcessMemory request was completed. (0x12B)
[1121/155922.398:WARNING:pe_image_reader.cc(340)] could not read dos header from C:\WINDOWS\SYSTEM32\USERENV.dll
[1121/155922.398:ERROR:process_memory_win.cc(73)] ReadMemory at 0x7ffd5b9d0000 of 64 bytes failed: Only part of a ReadProcessMemory or WriteProcessMemory request was completed. (0x12B)
[1121/155922.398:WARNING:pe_image_reader.cc(340)] could not read dos header from C:\WINDOWS\System32\profapi.dll
[1121/155922.398:ERROR:process_memory_win.cc(73)] ReadMemory at 0x7ffd45900000 of 64 bytes failed: Only part of a ReadProcessMemory or WriteProcessMemory request was completed. (0x12B)
[1121/155922.398:WARNING:pe_image_reader.cc(340)] could not read dos header from C:\WINDOWS\SYSTEM32\DWrite.dll
[1121/155922.398:ERROR:process_memory_win.cc(73)] ReadMemory at 0x7ffd4df90000 of 64 bytes failed: Only part of a ReadProcessMemory or WriteProcessMemory request was completed. (0x12B)
[1121/155922.398:WARNING:pe_image_reader.cc(340)] could not read dos header from C:\WINDOWS\SYSTEM32\WINSPOOL.DRV
[1121/155922.398:ERROR:process_memory_win.cc(73)] ReadMemory at 0x7ffd5b960000 of 64 bytes failed: Only part of a ReadProcessMemory or WriteProcessMemory request was completed. (0x12B)
[1121/155922.398:WARNING:pe_image_reader.cc(340)] could not read dos header from C:\WINDOWS\System32\kernel.appcore.dll
[1121/155922.398:ERROR:process_memory_win.cc(73)] ReadMemory at 0x7ffd5c820000 of 64 bytes failed: Only part of a ReadProcessMemory or WriteProcessMemory request was completed. (0x12B)
[1121/155922.398:WARNING:pe_image_reader.cc(340)] could not read dos header from C:\WINDOWS\System32\bcrypt.dll
[1121/155922.398:ERROR:process_memory_win.cc(73)] ReadMemory at 0x7ffd5a260000 of 64 bytes failed: Only part of a ReadProcessMemory or WriteProcessMemory request was completed. (0x12B)
[1121/155922.398:WARNING:pe_image_reader.cc(340)] could not read dos header from C:\WINDOWS\SYSTEM32\dbghelp.dll
[1121/155922.398:ERROR:process_memory_win.cc(73)] ReadMemory at 0x7ffd495a0000 of 64 bytes failed: Only part of a ReadProcessMemory or WriteProcessMemory request was completed. (0x12B)
[1121/155922.398:WARNING:pe_image_reader.cc(340)] could not read dos header from C:\WINDOWS\SYSTEM32\Secur32.dll
[1121/155922.398:ERROR:process_memory_win.cc(73)] ReadMemory at 0x7ffd50880000 of 64 bytes failed: Only part of a ReadProcessMemory or WriteProcessMemory request was completed. (0x12B)
[1121/155922.398:WARNING:pe_image_reader.cc(340)] could not read dos header from C:\WINDOWS\SYSTEM32\WINHTTP.dll
[1121/155922.398:ERROR:process_memory_win.cc(73)] ReadMemory at 0x7ffd51ec0000 of 64 bytes failed: Only part of a ReadProcessMemory or WriteProcessMemory request was completed. (0x12B)
[1121/155922.398:WARNING:pe_image_reader.cc(340)] could not read dos header from C:\WINDOWS\SYSTEM32\dhcpcsvc.DLL
[1121/155922.398:ERROR:process_memory_win.cc(73)] ReadMemory at 0x7ffd5d2a0000 of 64 bytes failed: Only part of a ReadProcessMemory or WriteProcessMemory request was completed. (0x12B)
[1121/155922.398:WARNING:pe_image_reader.cc(340)] could not read dos header from C:\WINDOWS\System32\NSI.dll
[1121/155922.398:ERROR:process_memory_win.cc(73)] ReadMemory at 0x7ffd56990000 of 64 bytes failed: Only part of a ReadProcessMemory or WriteProcessMemory request was completed. (0x12B)
[1121/155922.398:WARNING:pe_image_reader.cc(340)] could not read dos header from C:\WINDOWS\SYSTEM32\WINMMBASE.dll
[1121/155922.398:ERROR:process_memory_win.cc(73)] ReadMemory at 0x7ffd5bbd0000 of 64 bytes failed: Only part of a ReadProcessMemory or WriteProcessMemory request was completed. (0x12B)
[1121/155922.398:WARNING:pe_image_reader.cc(340)] could not read dos header from C:\WINDOWS\System32\cfgmgr32.dll
[1121/155922.398:ERROR:process_memory_win.cc(73)] ReadMemory at 0x7ffd59850000 of 64 bytes failed: Only part of a ReadProcessMemory or WriteProcessMemory request was completed. (0x12B)
[1121/155922.398:WARNING:pe_image_reader.cc(340)] could not read dos header from C:\WINDOWS\SYSTEM32\PROPSYS.dll
[1121/155922.398:ERROR:process_memory_win.cc(73)] ReadMemory at 0x7ffd5d120000 of 64 bytes failed: Only part of a ReadProcessMemory or WriteProcessMemory request was completed. (0x12B)
[1121/155922.398:WARNING:pe_image_reader.cc(340)] could not read dos header from C:\WINDOWS\System32\shcore.dll
[1121/155922.398:ERROR:process_memory_win.cc(73)] ReadMemory at 0x7ffd5b820000 of 64 bytes failed: Only part of a ReadProcessMemory or WriteProcessMemory request was completed. (0x12B)
[1121/155922.398:WARNING:pe_image_reader.cc(340)] could not read dos header from C:\WINDOWS\SYSTEM32\SSPICLI.DLL
[1121/155922.398:ERROR:process_memory_win.cc(73)] ReadMemory at 0x7ffd5ddb0000 of 64 bytes failed: Only part of a ReadProcessMemory or WriteProcessMemory request was completed. (0x12B)
[1121/155922.398:WARNING:pe_image_reader.cc(340)] could not read dos header from C:\WINDOWS\System32\SHELL32.dll
[1121/155922.398:ERROR:process_memory_win.cc(73)] ReadMemory at 0x7ffd5c0a0000 of 64 bytes failed: Only part of a ReadProcessMemory or WriteProcessMemory request was completed. (0x12B)
[1121/155922.398:WARNING:pe_image_reader.cc(340)] could not read dos header from C:\WINDOWS\System32\windows.storage.dll
[1121/155922.398:ERROR:process_memory_win.cc(73)] ReadMemory at 0x7ffd5b980000 of 64 bytes failed: Only part of a ReadProcessMemory or WriteProcessMemory request was completed. (0x12B)
[1121/155922.399:WARNING:pe_image_reader.cc(340)] could not read dos header from C:\WINDOWS\System32\powrprof.dll
[1121/155922.399:ERROR:process_memory_win.cc(73)] ReadMemory at 0x7ffd5b930000 of 64 bytes failed: Only part of a ReadProcessMemory or WriteProcessMemory request was completed. (0x12B)
[1121/155922.399:WARNING:pe_image_reader.cc(340)] could not read dos header from C:\WINDOWS\System32\UMPDC.dll
[1121/155922.399:ERROR:process_memory_win.cc(73)] ReadMemory at 0x7ffd5d240000 of 64 bytes failed: Only part of a ReadProcessMemory or WriteProcessMemory request was completed. (0x12B)
[1121/155922.399:WARNING:pe_image_reader.cc(340)] could not read dos header from C:\WINDOWS\System32\shlwapi.dll
[1121/155922.399:ERROR:process_memory_win.cc(73)] ReadMemory at 0x7ffd5d8b0000 of 64 bytes failed: Only part of a ReadProcessMemory or WriteProcessMemory request was completed. (0x12B)
[1121/155922.399:WARNING:pe_image_reader.cc(340)] could not read dos header from C:\WINDOWS\System32\GDI32.dll
[1121/155922.399:ERROR:process_memory_win.cc(73)] ReadMemory at 0x7ffd5b9f0000 of 64 bytes failed: Only part of a ReadProcessMemory or WriteProcessMemory request was completed. (0x12B)
[1121/155922.399:WARNING:pe_image_reader.cc(340)] could not read dos header from C:\WINDOWS\System32\win32u.dll
[1121/155922.399:ERROR:process_memory_win.cc(73)] ReadMemory at 0x7ffd5c850000 of 64 bytes failed: Only part of a ReadProcessMemory or WriteProcessMemory request was completed. (0x12B)
[1121/155922.399:WARNING:pe_image_reader.cc(340)] could not read dos header from C:\WINDOWS\System32\gdi32full.dll
[1121/155922.399:ERROR:process_memory_win.cc(73)] ReadMemory at 0x7ffd5cf80000 of 64 bytes failed: Only part of a ReadProcessMemory or WriteProcessMemory request was completed. (0x12B)
[1121/155922.399:WARNING:pe_image_reader.cc(340)] could not read dos header from C:\WINDOWS\System32\USER32.dll
[1121/155922.399:ERROR:process_memory_win.cc(73)] ReadMemory at 0x7ffd5caf0000 of 64 bytes failed: Only part of a ReadProcessMemory or WriteProcessMemory request was completed. (0x12B)
[1121/155922.399:WARNING:pe_image_reader.cc(340)] could not read dos header from C:\WINDOWS\System32\cryptsp.dll
[1121/155922.399:ERROR:process_memory_win.cc(73)] ReadMemory at 0x7ffd5e630000 of 64 bytes failed: Only part of a ReadProcessMemory or WriteProcessMemory request was completed. (0x12B)
[1121/155922.399:WARNING:pe_image_reader.cc(340)] could not read dos header from C:\WINDOWS\System32\IMM32.DLL
[1121/155922.399:ERROR:process_memory_win.cc(73)] ReadMemory at 0x7ffd5b370000 of 64 bytes failed: Only part of a ReadProcessMemory or WriteProcessMemory request was completed. (0x12B)
[1121/155922.399:WARNING:pe_image_reader.cc(340)] could not read dos header from C:\WINDOWS\SYSTEM32\CRYPTBASE.DLL
[1121/155922.399:ERROR:process_memory_win.cc(73)] ReadMemory at 0x7ff758f90000 of 64 bytes failed: Only part of a ReadProcessMemory or WriteProcessMemory request was completed. (0x12B)
[1121/155922.399:WARNING:pe_image_reader.cc(340)] could not read dos header from C:\Program Files (x86)\Google\Chrome\Application\chrome.exe
[1121/155922.399:ERROR:process_memory_win.cc(73)] ReadMemory at 0x7ffd5ea60000 of 64 bytes failed: Only part of a ReadProcessMemory or WriteProcessMemory request was completed. (0x12B)
[1121/155922.399:WARNING:pe_image_reader.cc(340)] could not read dos header from C:\WINDOWS\SYSTEM32\ntdll.dll
[1121/155922.399:ERROR:process_memory_win.cc(73)] ReadMemory at 0x7ffd5e960000 of 64 bytes failed: Only part of a ReadProcessMemory or WriteProcessMemory request was completed. (0x12B)
[1121/155922.399:WARNING:pe_image_reader.cc(340)] could not read dos header from C:\WINDOWS\System32\KERNEL32.DLL
[1121/155922.399:ERROR:process_memory_win.cc(73)] ReadMemory at 0x7ffd5bcc0000 of 64 bytes failed: Only part of a ReadProcessMemory or WriteProcessMemory request was completed. (0x12B)
[1121/155922.399:WARNING:pe_image_reader.cc(340)] could not read dos header from C:\WINDOWS\System32\KERNELBASE.dll
[1121/155922.399:ERROR:process_memory_win.cc(73)] ReadMemory at 0x7ffd315b0000 of 64 bytes failed: Only part of a ReadProcessMemory or WriteProcessMemory request was completed. (0x12B)
[1121/155922.399:WARNING:pe_image_reader.cc(340)] could not read dos header from C:\Program Files (x86)\Google\Chrome\Application\78.0.3904.108\chrome_elf.dll
[1121/155922.399:ERROR:process_memory_win.cc(73)] ReadMemory at 0x7ffd50650000 of 64 bytes failed: Only part of a ReadProcessMemory or WriteProcessMemory request was completed. (0x12B)
[1121/155922.399:WARNING:pe_image_reader.cc(340)] could not read dos header from C:\WINDOWS\SYSTEM32\VERSION.dll
[1121/155922.399:ERROR:process_memory_win.cc(73)] ReadMemory at 0x7ffd5e590000 of 64 bytes failed: Only part of a ReadProcessMemory or WriteProcessMemory request was completed. (0x12B)
[1121/155922.399:WARNING:pe_image_reader.cc(340)] could not read dos header from C:\WINDOWS\System32\msvcrt.dll
[1121/155922.399:ERROR:process_memory_win.cc(73)] ReadMemory at 0x7ffd5c020000 of 64 bytes failed: Only part of a ReadProcessMemory or WriteProcessMemory request was completed. (0x12B)
[1121/155922.399:WARNING:pe_image_reader.cc(340)] could not read dos header from C:\WINDOWS\System32\bcryptPrimitives.dll
[1121/155922.399:ERROR:process_memory_win.cc(73)] ReadMemory at 0x7ffd5dd00000 of 64 bytes failed: Only part of a ReadProcessMemory or WriteProcessMemory request was completed. (0x12B)
[1121/155922.399:WARNING:pe_image_reader.cc(340)] could not read dos header from C:\WINDOWS\System32\ADVAPI32.dll
[1121/155922.399:ERROR:process_memory_win.cc(73)] ReadMemory at 0x7ffd5e8c0000 of 64 bytes failed: Only part of a ReadProcessMemory or WriteProcessMemory request was completed. (0x12B)
[1121/155922.400:WARNING:pe_image_reader.cc(340)] could not read dos header from C:\WINDOWS\System32\sechost.dll
[1121/155922.400:ERROR:process_memory_win.cc(73)] ReadMemory at 0x7ffd5d310000 of 64 bytes failed: Only part of a ReadProcessMemory or WriteProcessMemory request was completed. (0x12B)
[1121/155922.400:WARNING:pe_image_reader.cc(340)] could not read dos header from C:\WINDOWS\System32\RPCRT4.dll
[1121/155922.400:ERROR:process_memory_win.cc(73)] ReadMemory at 0x7ffd231c0000 of 64 bytes failed: Only part of a ReadProcessMemory or WriteProcessMemory request was completed. (0x12B)
[1121/155922.400:WARNING:pe_image_reader.cc(340)] could not read dos header from C:\Program Files (x86)\Google\Chrome\Application\78.0.3904.108\chrome_child.dll
[1121/155922.400:ERROR:process_memory_win.cc(73)] ReadMemory at 0x7ffd5dc30000 of 64 bytes failed: Only part of a ReadProcessMemory or WriteProcessMemory request was completed. (0x12B)
[1121/155922.400:WARNING:pe_image_reader.cc(340)] could not read dos header from C:\WINDOWS\System32\OLEAUT32.dll
[1121/155922.400:ERROR:process_memory_win.cc(73)] ReadMemory at 0x7ffd5bc20000 of 64 bytes failed: Only part of a ReadProcessMemory or WriteProcessMemory request was completed. (0x12B)
[1121/155922.400:WARNING:pe_image_reader.cc(340)] could not read dos header from C:\WINDOWS\System32\msvcp_win.dll
[1121/155922.400:ERROR:process_memory_win.cc(73)] ReadMemory at 0x7ffd5c9f0000 of 64 bytes failed: Only part of a ReadProcessMemory or WriteProcessMemory request was completed. (0x12B)
[1121/155922.400:WARNING:pe_image_reader.cc(340)] could not read dos header from C:\WINDOWS\System32\ucrtbase.dll
[1121/155922.400:ERROR:process_memory_win.cc(73)] ReadMemory at 0x7ffd5d8e0000 of 64 bytes failed: Only part of a ReadProcessMemory or WriteProcessMemory request was completed. (0x12B)
[1121/155922.400:WARNING:pe_image_reader.cc(340)] could not read dos header from C:\WINDOWS\System32\combase.dll
[1121/155922.400:ERROR:process_memory_win.cc(73)] ReadMemory at 0x7ffd5d700000 of 64 bytes failed: Only part of a ReadProcessMemory or WriteProcessMemory request was completed. (0x12B)
[1121/155922.400:WARNING:pe_image_reader.cc(340)] could not read dos header from C:\WINDOWS\System32\WS2_32.dll
[1121/155922.400:ERROR:process_memory_win.cc(73)] ReadMemory at 0x7ffd5bb70000 of 64 bytes failed: Only part of a ReadProcessMemory or WriteProcessMemory request was completed. (0x12B)
[1121/155922.400:WARNING:pe_image_reader.cc(340)] could not read dos header from C:\WINDOWS\System32\WINTRUST.dll
[1121/155922.400:ERROR:process_memory_win.cc(73)] ReadMemory at 0x7ffd5b940000 of 64 bytes failed: Only part of a ReadProcessMemory or WriteProcessMemory request was completed. (0x12B)
[1121/155922.400:WARNING:pe_image_reader.cc(340)] could not read dos header from C:\WINDOWS\System32\MSASN1.dll
[1121/155922.400:ERROR:process_memory_win.cc(73)] ReadMemory at 0x7ffd5ba20000 of 64 bytes failed: Only part of a ReadProcessMemory or WriteProcessMemory request was completed. (0x12B)
[1121/155922.400:WARNING:pe_image_reader.cc(340)] could not read dos header from C:\WINDOWS\System32\CRYPT32.dll
[1121/155922.400:ERROR:process_memory_win.cc(73)] ReadMemory at 0x7ffd5aeb0000 of 64 bytes failed: Only part of a ReadProcessMemory or WriteProcessMemory request was completed. (0x12B)
[1121/155922.400:WARNING:pe_image_reader.cc(340)] could not read dos header from C:\WINDOWS\SYSTEM32\IPHLPAPI.DLL
[1121/155922.400:ERROR:process_memory_win.cc(73)] ReadMemory at 0x7ffd569c0000 of 64 bytes failed: Only part of a ReadProcessMemory or WriteProcessMemory request was completed. (0x12B)
[1121/155922.400:WARNING:pe_image_reader.cc(340)] could not read dos header from C:\WINDOWS\SYSTEM32\WINMM.dll
[1121/155922.400:ERROR:process_memory_win.cc(73)] ReadMemory at 0x7ffd5b850000 of 64 bytes failed: Only part of a ReadProcessMemory or WriteProcessMemory request was completed. (0x12B)
[1121/155922.400:WARNING:pe_image_reader.cc(340)] could not read dos header from C:\WINDOWS\SYSTEM32\USERENV.dll
[1121/155922.400:ERROR:process_memory_win.cc(73)] ReadMemory at 0x7ffd5b9d0000 of 64 bytes failed: Only part of a ReadProcessMemory or WriteProcessMemory request was completed. (0x12B)
[1121/155922.400:WARNING:pe_image_reader.cc(340)] could not read dos header from C:\WINDOWS\System32\profapi.dll
[1121/155922.400:ERROR:process_memory_win.cc(73)] ReadMemory at 0x7ffd45900000 of 64 bytes failed: Only part of a ReadProcessMemory or WriteProcessMemory request was completed. (0x12B)
[1121/155922.400:WARNING:pe_image_reader.cc(340)] could not read dos header from C:\WINDOWS\SYSTEM32\DWrite.dll
[1121/155922.400:ERROR:process_memory_win.cc(73)] ReadMemory at 0x7ffd4df90000 of 64 bytes failed: Only part of a ReadProcessMemory or WriteProcessMemory request was completed. (0x12B)
[1121/155922.400:WARNING:pe_image_reader.cc(340)] could not read dos header from C:\WINDOWS\SYSTEM32\WINSPOOL.DRV
[1121/155922.400:ERROR:process_memory_win.cc(73)] ReadMemory at 0x7ffd5b960000 of 64 bytes failed: Only part of a ReadProcessMemory or WriteProcessMemory request was completed. (0x12B)
[1121/155922.400:WARNING:pe_image_reader.cc(340)] could not read dos header from C:\WINDOWS\System32\kernel.appcore.dll
[1121/155922.400:ERROR:process_memory_win.cc(73)] ReadMemory at 0x7ffd5c820000 of 64 bytes failed: Only part of a ReadProcessMemory or WriteProcessMemory request was completed. (0x12B)
[1121/155922.400:WARNING:pe_image_reader.cc(340)] could not read dos header from C:\WINDOWS\System32\bcrypt.dll
[1121/155922.400:ERROR:process_memory_win.cc(73)] ReadMemory at 0x7ffd5a260000 of 64 bytes failed: Only part of a ReadProcessMemory or WriteProcessMemory request was completed. (0x12B)
[1121/155922.401:WARNING:pe_image_reader.cc(340)] could not read dos header from C:\WINDOWS\SYSTEM32\dbghelp.dll
[1121/155922.401:ERROR:process_memory_win.cc(73)] ReadMemory at 0x7ffd495a0000 of 64 bytes failed: Only part of a ReadProcessMemory or WriteProcessMemory request was completed. (0x12B)
[1121/155922.401:WARNING:pe_image_reader.cc(340)] could not read dos header from C:\WINDOWS\SYSTEM32\Secur32.dll
[1121/155922.401:ERROR:process_memory_win.cc(73)] ReadMemory at 0x7ffd50880000 of 64 bytes failed: Only part of a ReadProcessMemory or WriteProcessMemory request was completed. (0x12B)
[1121/155922.401:WARNING:pe_image_reader.cc(340)] could not read dos header from C:\WINDOWS\SYSTEM32\WINHTTP.dll
[1121/155922.401:ERROR:process_memory_win.cc(73)] ReadMemory at 0x7ffd51ec0000 of 64 bytes failed: Only part of a ReadProcessMemory or WriteProcessMemory request was completed. (0x12B)
[1121/155922.401:WARNING:pe_image_reader.cc(340)] could not read dos header from C:\WINDOWS\SYSTEM32\dhcpcsvc.DLL
[1121/155922.401:ERROR:process_memory_win.cc(73)] ReadMemory at 0x7ffd5d2a0000 of 64 bytes failed: Only part of a ReadProcessMemory or WriteProcessMemory request was completed. (0x12B)
[1121/155922.401:WARNING:pe_image_reader.cc(340)] could not read dos header from C:\WINDOWS\System32\NSI.dll
[1121/155922.401:ERROR:process_memory_win.cc(73)] ReadMemory at 0x7ffd56990000 of 64 bytes failed: Only part of a ReadProcessMemory or WriteProcessMemory request was completed. (0x12B)
[1121/155922.401:WARNING:pe_image_reader.cc(340)] could not read dos header from C:\WINDOWS\SYSTEM32\WINMMBASE.dll
[1121/155922.401:ERROR:process_memory_win.cc(73)] ReadMemory at 0x7ffd5bbd0000 of 64 bytes failed: Only part of a ReadProcessMemory or WriteProcessMemory request was completed. (0x12B)
[1121/155922.401:WARNING:pe_image_reader.cc(340)] could not read dos header from C:\WINDOWS\System32\cfgmgr32.dll
[1121/155922.401:ERROR:process_memory_win.cc(73)] ReadMemory at 0x7ffd59850000 of 64 bytes failed: Only part of a ReadProcessMemory or WriteProcessMemory request was completed. (0x12B)
[1121/155922.401:WARNING:pe_image_reader.cc(340)] could not read dos header from C:\WINDOWS\SYSTEM32\PROPSYS.dll
[1121/155922.401:ERROR:process_memory_win.cc(73)] ReadMemory at 0x7ffd5d120000 of 64 bytes failed: Only part of a ReadProcessMemory or WriteProcessMemory request was completed. (0x12B)
[1121/155922.401:WARNING:pe_image_reader.cc(340)] could not read dos header from C:\WINDOWS\System32\shcore.dll
[1121/155922.401:ERROR:process_memory_win.cc(73)] ReadMemory at 0x7ffd5b820000 of 64 bytes failed: Only part of a ReadProcessMemory or WriteProcessMemory request was completed. (0x12B)
[1121/155922.401:WARNING:pe_image_reader.cc(340)] could not read dos header from C:\WINDOWS\SYSTEM32\SSPICLI.DLL
[1121/155922.401:ERROR:process_memory_win.cc(73)] ReadMemory at 0x7ffd5ddb0000 of 64 bytes failed: Only part of a ReadProcessMemory or WriteProcessMemory request was completed. (0x12B)
[1121/155922.401:WARNING:pe_image_reader.cc(340)] could not read dos header from C:\WINDOWS\System32\SHELL32.dll
[1121/155922.401:ERROR:process_memory_win.cc(73)] ReadMemory at 0x7ffd5c0a0000 of 64 bytes failed: Only part of a ReadProcessMemory or WriteProcessMemory request was completed. (0x12B)
[1121/155922.401:WARNING:pe_image_reader.cc(340)] could not read dos header from C:\WINDOWS\System32\windows.storage.dll
[1121/155922.401:ERROR:process_memory_win.cc(73)] ReadMemory at 0x7ffd5b980000 of 64 bytes failed: Only part of a ReadProcessMemory or WriteProcessMemory request was completed. (0x12B)
[1121/155922.401:WARNING:pe_image_reader.cc(340)] could not read dos header from C:\WINDOWS\System32\powrprof.dll
[1121/155922.401:ERROR:process_memory_win.cc(73)] ReadMemory at 0x7ffd5b930000 of 64 bytes failed: Only part of a ReadProcessMemory or WriteProcessMemory request was completed. (0x12B)
[1121/155922.401:WARNING:pe_image_reader.cc(340)] could not read dos header from C:\WINDOWS\System32\UMPDC.dll
[1121/155922.401:ERROR:process_memory_win.cc(73)] ReadMemory at 0x7ffd5d240000 of 64 bytes failed: Only part of a ReadProcessMemory or WriteProcessMemory request was completed. (0x12B)
[1121/155922.401:WARNING:pe_image_reader.cc(340)] could not read dos header from C:\WINDOWS\System32\shlwapi.dll
[1121/155922.401:ERROR:process_memory_win.cc(73)] ReadMemory at 0x7ffd5d8b0000 of 64 bytes failed: Only part of a ReadProcessMemory or WriteProcessMemory request was completed. (0x12B)
[1121/155922.401:WARNING:pe_image_reader.cc(340)] could not read dos header from C:\WINDOWS\System32\GDI32.dll
[1121/155922.401:ERROR:process_memory_win.cc(73)] ReadMemory at 0x7ffd5b9f0000 of 64 bytes failed: Only part of a ReadProcessMemory or WriteProcessMemory request was completed. (0x12B)
[1121/155922.401:WARNING:pe_image_reader.cc(340)] could not read dos header from C:\WINDOWS\System32\win32u.dll
[1121/155922.401:ERROR:process_memory_win.cc(73)] ReadMemory at 0x7ffd5c850000 of 64 bytes failed: Only part of a ReadProcessMemory or WriteProcessMemory request was completed. (0x12B)
[1121/155922.402:WARNING:pe_image_reader.cc(340)] could not read dos header from C:\WINDOWS\System32\gdi32full.dll
[1121/155922.402:ERROR:process_memory_win.cc(73)] ReadMemory at 0x7ffd5cf80000 of 64 bytes failed: Only part of a ReadProcessMemory or WriteProcessMemory request was completed. (0x12B)
[1121/155922.402:WARNING:pe_image_reader.cc(340)] could not read dos header from C:\WINDOWS\System32\USER32.dll
[1121/155922.402:ERROR:process_memory_win.cc(73)] ReadMemory at 0x7ffd5caf0000 of 64 bytes failed: Only part of a ReadProcessMemory or WriteProcessMemory request was completed. (0x12B)
[1121/155922.402:WARNING:pe_image_reader.cc(340)] could not read dos header from C:\WINDOWS\System32\cryptsp.dll
[1121/155922.402:ERROR:process_memory_win.cc(73)] ReadMemory at 0x7ffd5e630000 of 64 bytes failed: Only part of a ReadProcessMemory or WriteProcessMemory request was completed. (0x12B)
[1121/155922.402:WARNING:pe_image_reader.cc(340)] could not read dos header from C:\WINDOWS\System32\IMM32.DLL
[1121/155922.402:ERROR:process_memory_win.cc(73)] ReadMemory at 0x7ffd5b370000 of 64 bytes failed: Only part of a ReadProcessMemory or WriteProcessMemory request was completed. (0x12B)
[1121/155922.402:WARNING:pe_image_reader.cc(340)] could not read dos header from C:\WINDOWS\SYSTEM32\CRYPTBASE.DLL
[1121/155922.497:ERROR:process_memory_win.cc(73)] ReadMemory at 0x2f921f9000 of 28672 bytes failed: Only part of a ReadProcessMemory or WriteProcessMemory request was completed. (0x12B)
[1121/155922.595:ERROR:process_memory_win.cc(73)] ReadMemory at 0x2f929fd000 of 12288 bytes failed: Only part of a ReadProcessMemory or WriteProcessMemory request was completed. (0x12B)
[1121/155922.596:ERROR:process_memory_win.cc(73)] ReadMemory at 0x2f931fd000 of 12288 bytes failed: Only part of a ReadProcessMemory or WriteProcessMemory request was completed. (0x12B)
[1121/155922.596:ERROR:process_memory_win.cc(73)] ReadMemory at 0x2f939fd000 of 12288 bytes failed: Only part of a ReadProcessMemory or WriteProcessMemory request was completed. (0x12B)
[1121/155922.596:ERROR:process_memory_win.cc(73)] ReadMemory at 0x2f941fc000 of 16384 bytes failed: Only part of a ReadProcessMemory or WriteProcessMemory request was completed. (0x12B)
[1121/155922.596:ERROR:process_memory_win.cc(73)] ReadMemory at 0x2f949fe000 of 8192 bytes failed: Only part of a ReadProcessMemory or WriteProcessMemory request was completed. (0x12B)
[1121/155922.596:ERROR:process_memory_win.cc(73)] ReadMemory at 0x2f951fd000 of 12288 bytes failed: Only part of a ReadProcessMemory or WriteProcessMemory request was completed. (0x12B)
[1121/155922.596:ERROR:process_memory_win.cc(73)] ReadMemory at 0x2f959fd000 of 12288 bytes failed: Only part of a ReadProcessMemory or WriteProcessMemory request was completed. (0x12B)
[1121/155922.596:ERROR:process_memory_win.cc(73)] ReadMemory at 0x2f961fd000 of 12288 bytes failed: Only part of a ReadProcessMemory or WriteProcessMemory request was completed. (0x12B)
[1121/155922.596:ERROR:process_memory_win.cc(73)] ReadMemory at 0x2f969fd000 of 12288 bytes failed: Only part of a ReadProcessMemory or WriteProcessMemory request was completed. (0x12B)
[1121/155922.597:ERROR:process_memory_win.cc(73)] ReadMemory at 0x2f971fd000 of 12288 bytes failed: Only part of a ReadProcessMemory or WriteProcessMemory request was completed. (0x12B)
[1121/155922.597:ERROR:process_memory_win.cc(73)] ReadMemory at 0x2f979fd000 of 12288 bytes failed: Only part of a ReadProcessMemory or WriteProcessMemory request was completed. (0x12B)
[1121/155922.597:ERROR:process_memory_win.cc(73)] ReadMemory at 0x2f91898000 of 852 bytes failed: Only part of a ReadProcessMemory or WriteProcessMemory request was completed. (0x12B)
[1121/155922.597:ERROR:process_memory_win.cc(73)] ReadMemory at 0x2f91899000 of 6024 bytes failed: Only part of a ReadProcessMemory or WriteProcessMemory request was completed. (0x12B)
[1121/155922.597:ERROR:process_memory_win.cc(73)] ReadMemory at 0x2f9189b000 of 6024 bytes failed: Only part of a ReadProcessMemory or WriteProcessMemory request was completed. (0x12B)
[1121/155922.597:ERROR:process_memory_win.cc(73)] ReadMemory at 0x2f9189d000 of 6024 bytes failed: Only part of a ReadProcessMemory or WriteProcessMemory request was completed. (0x12B)
[1121/155922.597:ERROR:process_memory_win.cc(73)] ReadMemory at 0x2f9189f000 of 6024 bytes failed: Only part of a ReadProcessMemory or WriteProcessMemory request was completed. (0x12B)
[1121/155922.597:ERROR:process_memory_win.cc(73)] ReadMemory at 0x2f918a1000 of 6024 bytes failed: Only part of a ReadProcessMemory or WriteProcessMemory request was completed. (0x12B)
[1121/155922.597:ERROR:process_memory_win.cc(73)] ReadMemory at 0x2f918a3000 of 6024 bytes failed: Only part of a ReadProcessMemory or WriteProcessMemory request was completed. (0x12B)
[1121/155922.597:ERROR:process_memory_win.cc(73)] ReadMemory at 0x2f918a5000 of 6024 bytes failed: Only part of a ReadProcessMemory or WriteProcessMemory request was completed. (0x12B)
[1121/155922.597:ERROR:process_memory_win.cc(73)] ReadMemory at 0x2f918a7000 of 6024 bytes failed: Only part of a ReadProcessMemory or WriteProcessMemory request was completed. (0x12B)
[1121/155922.597:ERROR:process_memory_win.cc(73)] ReadMemory at 0x2f918a9000 of 6024 bytes failed: Only part of a ReadProcessMemory or WriteProcessMemory request was completed. (0x12B)
[1121/155922.598:ERROR:process_memory_win.cc(73)] ReadMemory at 0x2f918ab000 of 6024 bytes failed: Only part of a ReadProcessMemory or WriteProcessMemory request was completed. (0x12B)
[1121/155922.598:ERROR:process_memory_win.cc(73)] ReadMemory at 0x2f918ad000 of 6024 bytes failed: Only part of a ReadProcessMemory or WriteProcessMemory request was completed. (0x12B)
[1121/155922.598:ERROR:process_memory_win.cc(73)] ReadMemory at 0x2f918af000 of 6024 bytes failed: Only part of a ReadProcessMemory or WriteProcessMemory request was completed. (0x12B)
[1121/155922.598:ERROR:process_memory_win.cc(73)] ReadMemory at 0x144a44c0d00 of 512 bytes failed: Only part of a ReadProcessMemory or WriteProcessMemory request was completed. (0x12B)
[1121/155922.598:ERROR:process_memory_win.cc(73)] ReadMemory at 0x144a44e0750 of 80 bytes failed: Only part of a ReadProcessMemory or WriteProcessMemory request was completed. (0x12B)
[1121/155922.598:ERROR:process_memory_win.cc(73)] ReadMemory at 0x144a44e0fe0 of 5556 bytes failed: Only part of a ReadProcessMemory or WriteProcessMemory request was completed. (0x12B)
[1121/155922.598:ERROR:process_memory_win.cc(73)] ReadMemory at 0x144a44e25a0 of 1012 bytes failed: Only part of a ReadProcessMemory or WriteProcessMemory request was completed. (0x12B)
[1121/155922.598:ERROR:process_memory_win.cc(73)] ReadMemory at 0x144a44e2be8 of 118 bytes failed: Only part of a ReadProcessMemory or WriteProcessMemory request was completed. (0x12B)
[1121/155922.598:ERROR:process_memory_win.cc(73)] ReadMemory at 0x144a44e2c60 of 1314 bytes failed: Only part of a ReadProcessMemory or WriteProcessMemory request was completed. (0x12B)
[1121/155922.598:ERROR:process_memory_win.cc(73)] ReadMemory at 0x144a44e3184 of 118 bytes failed: Only part of a ReadProcessMemory or WriteProcessMemory request was completed. (0x12B)
[1121/155922.598:ERROR:process_memory_win.cc(73)] ReadMemory at 0x144a44e31fc of 96 bytes failed: Only part of a ReadProcessMemory or WriteProcessMemory request was completed. (0x12B)
[1121/155922.599:ERROR:process_memory_win.cc(73)] ReadMemory at 0x144a44e3270 of 58 bytes failed: Only part of a ReadProcessMemory or WriteProcessMemory request was completed. (0x12B)
[1121/155922.599:ERROR:process_memory_win.cc(73)] ReadMemory at 0x144a44e3370 of 132 bytes failed: Only part of a ReadProcessMemory or WriteProcessMemory request was completed. (0x12B)
[1121/155922.599:ERROR:process_memory_win.cc(73)] ReadMemory at 0x144a44e3500 of 132 bytes failed: Only part of a ReadProcessMemory or WriteProcessMemory request was completed. (0x12B)
[1121/155922.599:ERROR:process_memory_win.cc(73)] ReadMemory at 0x144a44e36c0 of 126 bytes failed: Only part of a ReadProcessMemory or WriteProcessMemory request was completed. (0x12B)
[1121/155922.599:ERROR:process_memory_win.cc(73)] ReadMemory at 0x144a44e3aa0 of 132 bytes failed: Only part of a ReadProcessMemory or WriteProcessMemory request was completed. (0x12B)
[1121/155922.599:ERROR:process_memory_win.cc(73)] ReadMemory at 0x144a44e3c30 of 64 bytes failed: Only part of a ReadProcessMemory or WriteProcessMemory request was completed. (0x12B)
[1121/155922.599:ERROR:process_memory_win.cc(73)] ReadMemory at 0x144a44e3df0 of 132 bytes failed: Only part of a ReadProcessMemory or WriteProcessMemory request was completed. (0x12B)
[1121/155922.599:ERROR:process_memory_win.cc(73)] ReadMemory at 0x144a44e4090 of 132 bytes failed: Only part of a ReadProcessMemory or WriteProcessMemory request was completed. (0x12B)
[1121/155922.599:ERROR:process_memory_win.cc(73)] ReadMemory at 0x144a44e4220 of 68 bytes failed: Only part of a ReadProcessMemory or WriteProcessMemory request was completed. (0x12B)
[1121/155922.599:ERROR:process_memory_win.cc(73)] ReadMemory at 0x144a44e5320 of 158 bytes failed: Only part of a ReadProcessMemory or WriteProcessMemory request was completed. (0x12B)
[1121/155922.599:ERROR:process_memory_win.cc(73)] ReadMemory at 0x144a44e5400 of 132 bytes failed: Only part of a ReadProcessMemory or WriteProcessMemory request was completed. (0x12B)
[1121/155922.599:ERROR:process_memory_win.cc(73)] ReadMemory at 0x144a44e5590 of 154 bytes failed: Only part of a ReadProcessMemory or WriteProcessMemory request was completed. (0x12B)
[1121/155922.599:ERROR:process_memory_win.cc(73)] ReadMemory at 0x144a44e61d0 of 132 bytes failed: Only part of a ReadProcessMemory or WriteProcessMemory request was completed. (0x12B)
[1121/155922.600:ERROR:process_memory_win.cc(73)] ReadMemory at 0x144a44e64a0 of 132 bytes failed: Only part of a ReadProcessMemory or WriteProcessMemory request was completed. (0x12B)
[1121/155922.600:ERROR:process_memory_win.cc(73)] ReadMemory at 0x144a44e6630 of 60 bytes failed: Only part of a ReadProcessMemory or WriteProcessMemory request was completed. (0x12B)
[1121/155922.600:ERROR:process_memory_win.cc(73)] ReadMemory at 0x144a44e6f60 of 62 bytes failed: Only part of a ReadProcessMemory or WriteProcessMemory request was completed. (0x12B)
[1121/155922.600:ERROR:process_memory_win.cc(73)] ReadMemory at 0x144a44e7920 of 132 bytes failed: Only part of a ReadProcessMemory or WriteProcessMemory request was completed. (0x12B)
[1121/155922.600:ERROR:process_memory_win.cc(73)] ReadMemory at 0x144a44e7c70 of 132 bytes failed: Only part of a ReadProcessMemory or WriteProcessMemory request was completed. (0x12B)
[1121/155922.600:ERROR:process_memory_win.cc(73)] ReadMemory at 0x144a44e7ee0 of 132 bytes failed: Only part of a ReadProcessMemory or WriteProcessMemory request was completed. (0x12B)
[1121/155922.600:ERROR:process_memory_win.cc(73)] ReadMemory at 0x144a44e80d0 of 132 bytes failed: Only part of a ReadProcessMemory or WriteProcessMemory request was completed. (0x12B)
[1121/155922.600:ERROR:process_memory_win.cc(73)] ReadMemory at 0x144a44eb070 of 66 bytes failed: Only part of a ReadProcessMemory or WriteProcessMemory request was completed. (0x12B)
[1121/155922.600:ERROR:process_memory_win.cc(73)] ReadMemory at 0x144a44eb0c0 of 62 bytes failed: Only part of a ReadProcessMemory or WriteProcessMemory request was completed. (0x12B)
[1121/155922.600:ERROR:process_memory_win.cc(73)] ReadMemory at 0x144a44eb110 of 64 bytes failed: Only part of a ReadProcessMemory or WriteProcessMemory request was completed. (0x12B)
[1121/155922.600:ERROR:process_memory_win.cc(73)] ReadMemory at 0x144a44eb160 of 60 bytes failed: Only part of a ReadProcessMemory or WriteProcessMemory request was completed. (0x12B)
[1121/155922.600:ERROR:process_memory_win.cc(73)] ReadMemory at 0x144a44eb250 of 60 bytes failed: Only part of a ReadProcessMemory or WriteProcessMemory request was completed. (0x12B)
[1121/155922.600:ERROR:process_memory_win.cc(73)] ReadMemory at 0x144a44eb2f0 of 64 bytes failed: Only part of a ReadProcessMemory or WriteProcessMemory request was completed. (0x12B)
[1121/155922.600:ERROR:process_memory_win.cc(73)] ReadMemory at 0x144a44eb430 of 62 bytes failed: Only part of a ReadProcessMemory or WriteProcessMemory request was completed. (0x12B)
[1121/155922.600:ERROR:process_memory_win.cc(73)] ReadMemory at 0x144a44eb660 of 64 bytes failed: Only part of a ReadProcessMemory or WriteProcessMemory request was completed. (0x12B)
[1121/155922.600:ERROR:process_memory_win.cc(73)] ReadMemory at 0x144a44eb700 of 64 bytes failed: Only part of a ReadProcessMemory or WriteProcessMemory request was completed. (0x12B)
[1121/155922.600:ERROR:process_memory_win.cc(73)] ReadMemory at 0x144a44eb7e0 of 132 bytes failed: Only part of a ReadProcessMemory or WriteProcessMemory request was completed. (0x12B)
[1121/155922.600:ERROR:process_memory_win.cc(73)] ReadMemory at 0x144a44eb910 of 132 bytes failed: Only part of a ReadProcessMemory or WriteProcessMemory request was completed. (0x12B)
[1121/155922.600:ERROR:process_memory_win.cc(73)] ReadMemory at 0x144a44eba40 of 132 bytes failed: Only part of a ReadProcessMemory or WriteProcessMemory request was completed. (0x12B)
[1121/155922.600:ERROR:process_memory_win.cc(73)] ReadMemory at 0x144a44ebb70 of 132 bytes failed: Only part of a ReadProcessMemory or WriteProcessMemory request was completed. (0x12B)
[1121/155922.601:ERROR:process_memory_win.cc(73)] ReadMemory at 0x144a44ebca0 of 132 bytes failed: Only part of a ReadProcessMemory or WriteProcessMemory request was completed. (0x12B)
[1121/155922.601:ERROR:process_memory_win.cc(73)] ReadMemory at 0x144a44ebdd0 of 132 bytes failed: Only part of a ReadProcessMemory or WriteProcessMemory request was completed. (0x12B)
[1121/155922.601:ERROR:process_memory_win.cc(73)] ReadMemory at 0x144a44ebf00 of 132 bytes failed: Only part of a ReadProcessMemory or WriteProcessMemory request was completed. (0x12B)
[1121/155922.601:ERROR:process_memory_win.cc(73)] ReadMemory at 0x144a44ec030 of 132 bytes failed: Only part of a ReadProcessMemory or WriteProcessMemory request was completed. (0x12B)
[1121/155922.601:ERROR:process_memory_win.cc(73)] ReadMemory at 0x144a44ec160 of 132 bytes failed: Only part of a ReadProcessMemory or WriteProcessMemory request was completed. (0x12B)
[1121/155922.601:ERROR:process_memory_win.cc(73)] ReadMemory at 0x144a44ec290 of 132 bytes failed: Only part of a ReadProcessMemory or WriteProcessMemory request was completed. (0x12B)
[1121/155922.601:ERROR:process_memory_win.cc(73)] ReadMemory at 0x144a44ec3c0 of 132 bytes failed: Only part of a ReadProcessMemory or WriteProcessMemory request was completed. (0x12B)
[1121/155922.602:ERROR:process_memory_win.cc(73)] ReadMemory at 0x144a44ec4f0 of 132 bytes failed: Only part of a ReadProcessMemory or WriteProcessMemory request was completed. (0x12B)
[1121/155922.602:ERROR:process_memory_win.cc(73)] ReadMemory at 0x144a44edfa0 of 54 bytes failed: Only part of a ReadProcessMemory or WriteProcessMemory request was completed. (0x12B)
[1121/155922.602:ERROR:process_memory_win.cc(73)] ReadMemory at 0x144a44eec30 of 132 bytes failed: Only part of a ReadProcessMemory or WriteProcessMemory request was completed. (0x12B)
[1121/155922.602:ERROR:process_memory_win.cc(73)] ReadMemory at 0x144a44eed60 of 132 bytes failed: Only part of a ReadProcessMemory or WriteProcessMemory request was completed. (0x12B)
[1121/155922.602:ERROR:process_memory_win.cc(73)] ReadMemory at 0x144a44f3a10 of 132 bytes failed: Only part of a ReadProcessMemory or WriteProcessMemory request was completed. (0x12B)
[1121/155922.602:ERROR:process_memory_win.cc(73)] ReadMemory at 0x144a44f3cf0 of 132 bytes failed: Only part of a ReadProcessMemory or WriteProcessMemory request was completed. (0x12B)
[1121/155922.602:ERROR:process_memory_win.cc(73)] ReadMemory at 0x144a44f48b0 of 132 bytes failed: Only part of a ReadProcessMemory or WriteProcessMemory request was completed. (0x12B)
[1121/155922.602:ERROR:process_memory_win.cc(73)] ReadMemory at 0x144a44f5170 of 78 bytes failed: Only part of a ReadProcessMemory or WriteProcessMemory request was completed. (0x12B)
[1121/155922.602:ERROR:process_memory_win.cc(73)] ReadMemory at 0x144a44f5dd0 of 76 bytes failed: Only part of a ReadProcessMemory or WriteProcessMemory request was completed. (0x12B)
[1121/155922.602:ERROR:process_memory_win.cc(73)] ReadMemory at 0x144a44f6070 of 62 bytes failed: Only part of a ReadProcessMemory or WriteProcessMemory request was completed. (0x12B)
[1121/155922.602:ERROR:process_memory_win.cc(73)] ReadMemory at 0x144a44f62a0 of 64 bytes failed: Only part of a ReadProcessMemory or WriteProcessMemory request was completed. (0x12B)
[1121/155922.602:ERROR:process_memory_win.cc(73)] ReadMemory at 0x144a44f6340 of 60 bytes failed: Only part of a ReadProcessMemory or WriteProcessMemory request was completed. (0x12B)
[1121/155922.602:ERROR:process_memory_win.cc(73)] ReadMemory at 0x144a44f6390 of 66 bytes failed: Only part of a ReadProcessMemory or WriteProcessMemory request was completed. (0x12B)
[1121/155922.602:ERROR:process_memory_win.cc(73)] ReadMemory at 0x144a44f64d0 of 60 bytes failed: Only part of a ReadProcessMemory or WriteProcessMemory request was completed. (0x12B)
[1121/155922.602:ERROR:process_memory_win.cc(73)] ReadMemory at 0x144a44f6520 of 62 bytes failed: Only part of a ReadProcessMemory or WriteProcessMemory request was completed. (0x12B)
[1121/155922.602:ERROR:process_memory_win.cc(73)] ReadMemory at 0x144a44f6570 of 62 bytes failed: Only part of a ReadProcessMemory or WriteProcessMemory request was completed. (0x12B)
[1121/155922.603:ERROR:process_memory_win.cc(73)] ReadMemory at 0x144a44f6660 of 60 bytes failed: Only part of a ReadProcessMemory or WriteProcessMemory request was completed. (0x12B)
[1121/155922.603:ERROR:process_memory_win.cc(73)] ReadMemory at 0x144a44f67f0 of 58 bytes failed: Only part of a ReadProcessMemory or WriteProcessMemory request was completed. (0x12B)
[1121/155922.603:ERROR:process_memory_win.cc(73)] ReadMemory at 0x144a44f6840 of 64 bytes failed: Only part of a ReadProcessMemory or WriteProcessMemory request was completed. (0x12B)
[1121/155922.603:ERROR:process_memory_win.cc(73)] ReadMemory at 0x144a44f6890 of 62 bytes failed: Only part of a ReadProcessMemory or WriteProcessMemory request was completed. (0x12B)
[1121/155922.603:ERROR:process_memory_win.cc(73)] ReadMemory at 0x144a44f6a70 of 64 bytes failed: Only part of a ReadProcessMemory or WriteProcessMemory request was completed. (0x12B)
[1121/155922.603:ERROR:process_memory_win.cc(73)] ReadMemory at 0x144a44f6ac0 of 60 bytes failed: Only part of a ReadProcessMemory or WriteProcessMemory request was completed. (0x12B)
[1121/155922.603:ERROR:process_memory_win.cc(73)] ReadMemory at 0x144a44f6b10 of 62 bytes failed: Only part of a ReadProcessMemory or WriteProcessMemory request was completed. (0x12B)
[1121/155922.603:ERROR:process_memory_win.cc(73)] ReadMemory at 0x144a44f6b60 of 64 bytes failed: Only part of a ReadProcessMemory or WriteProcessMemory request was completed. (0x12B)
[1121/155922.603:ERROR:process_memory_win.cc(73)] ReadMemory at 0x144a44f6bb0 of 62 bytes failed: Only part of a ReadProcessMemory or WriteProcessMemory request was completed. (0x12B)
[1121/155922.603:ERROR:process_memory_win.cc(73)] ReadMemory at 0x144a44f6c00 of 64 bytes failed: Only part of a ReadProcessMemory or WriteProcessMemory request was completed. (0x12B)
[1121/155922.603:ERROR:process_memory_win.cc(73)] ReadMemory at 0x144a44f6c50 of 62 bytes failed: Only part of a ReadProcessMemory or WriteProcessMemory request was completed. (0x12B)
[1121/155922.603:ERROR:process_memory_win.cc(73)] ReadMemory at 0x144a44f6d40 of 62 bytes failed: Only part of a ReadProcessMemory or WriteProcessMemory request was completed. (0x12B)
[1121/155922.603:ERROR:process_memory_win.cc(73)] ReadMemory at 0x144a44f6d90 of 62 bytes failed: Only part of a ReadProcessMemory or WriteProcessMemory request was completed. (0x12B)
[1121/155922.603:ERROR:process_memory_win.cc(73)] ReadMemory at 0x144a44f76d0 of 132 bytes failed: Only part of a ReadProcessMemory or WriteProcessMemory request was completed. (0x12B)
[1121/155922.603:ERROR:process_memory_win.cc(73)] ReadMemory at 0x144a44f7cc0 of 132 bytes failed: Only part of a ReadProcessMemory or WriteProcessMemory request was completed. (0x12B)
[1121/155922.603:ERROR:process_memory_win.cc(73)] ReadMemory at 0x144a44f7df0 of 132 bytes failed: Only part of a ReadProcessMemory or WriteProcessMemory request was completed. (0x12B)
[1121/155922.603:ERROR:process_memory_win.cc(73)] ReadMemory at 0x144a44f7f20 of 132 bytes failed: Only part of a ReadProcessMemory or WriteProcessMemory request was completed. (0x12B)
[1121/155922.603:ERROR:process_memory_win.cc(73)] ReadMemory at 0x144a44f8050 of 132 bytes failed: Only part of a ReadProcessMemory or WriteProcessMemory request was completed. (0x12B)
[1121/155922.604:ERROR:process_memory_win.cc(73)] ReadMemory at 0x144a44f8180 of 132 bytes failed: Only part of a ReadProcessMemory or WriteProcessMemory request was completed. (0x12B)
[1121/155922.604:ERROR:process_memory_win.cc(73)] ReadMemory at 0x144a44f82b0 of 132 bytes failed: Only part of a ReadProcessMemory or WriteProcessMemory request was completed. (0x12B)
[1121/155922.604:ERROR:process_memory_win.cc(73)] ReadMemory at 0x144a44f83e0 of 132 bytes failed: Only part of a ReadProcessMemory or WriteProcessMemory request was completed. (0x12B)
[1121/155922.604:ERROR:process_memory_win.cc(73)] ReadMemory at 0x144a44f8510 of 132 bytes failed: Only part of a ReadProcessMemory or WriteProcessMemory request was completed. (0x12B)
[1121/155922.604:ERROR:process_memory_win.cc(73)] ReadMemory at 0x144a44f8640 of 132 bytes failed: Only part of a ReadProcessMemory or WriteProcessMemory request was completed. (0x12B)
[1121/155922.604:ERROR:process_memory_win.cc(73)] ReadMemory at 0x144a44f8770 of 132 bytes failed: Only part of a ReadProcessMemory or WriteProcessMemory request was completed. (0x12B)
[1121/155922.604:ERROR:process_memory_win.cc(73)] ReadMemory at 0x144a44f88a0 of 132 bytes failed: Only part of a ReadProcessMemory or WriteProcessMemory request was completed. (0x12B)
[1121/155922.604:ERROR:process_memory_win.cc(73)] ReadMemory at 0x144a44f89d0 of 132 bytes failed: Only part of a ReadProcessMemory or WriteProcessMemory request was completed. (0x12B)
[1121/155922.604:ERROR:process_memory_win.cc(73)] ReadMemory at 0x144a44f8b00 of 132 bytes failed: Only part of a ReadProcessMemory or WriteProcessMemory request was completed. (0x12B)
[1121/155922.604:ERROR:process_memory_win.cc(73)] ReadMemory at 0x144a44f8c30 of 132 bytes failed: Only part of a ReadProcessMemory or WriteProcessMemory request was completed. (0x12B)
[1121/155922.604:ERROR:process_memory_win.cc(73)] ReadMemory at 0x144a44f8d60 of 132 bytes failed: Only part of a ReadProcessMemory or WriteProcessMemory request was completed. (0x12B)
[1121/155922.604:ERROR:process_memory_win.cc(73)] ReadMemory at 0x144a44f8e90 of 132 bytes failed: Only part of a ReadProcessMemory or WriteProcessMemory request was completed. (0x12B)
[1121/155922.604:ERROR:process_memory_win.cc(73)] ReadMemory at 0x144a44f90f0 of 132 bytes failed: Only part of a ReadProcessMemory or WriteProcessMemory request was completed. (0x12B)
[1121/155922.604:ERROR:process_memory_win.cc(73)] ReadMemory at 0x144a44f9220 of 132 bytes failed: Only part of a ReadProcessMemory or WriteProcessMemory request was completed. (0x12B)
[1121/155922.604:ERROR:process_memory_win.cc(73)] ReadMemory at 0x144a44f9480 of 132 bytes failed: Only part of a ReadProcessMemory or WriteProcessMemory request was completed. (0x12B)
[1121/155922.604:ERROR:process_memory_win.cc(73)] ReadMemory at 0x144a450a320 of 58 bytes failed: Only part of a ReadProcessMemory or WriteProcessMemory request was completed. (0x12B)
[1121/155922.604:ERROR:process_memory_win.cc(73)] ReadMemory at 0x144a450a370 of 60 bytes failed: Only part of a ReadProcessMemory or WriteProcessMemory request was completed. (0x12B)
[1121/155922.605:ERROR:process_memory_win.cc(73)] ReadMemory at 0x144a450a640 of 62 bytes failed: Only part of a ReadProcessMemory or WriteProcessMemory request was completed. (0x12B)
[1121/155922.605:ERROR:process_memory_win.cc(73)] ReadMemory at 0x144a450aaa0 of 58 bytes failed: Only part of a ReadProcessMemory or WriteProcessMemory request was completed. (0x12B)
[1121/155922.605:ERROR:process_memory_win.cc(73)] ReadMemory at 0x144a450acd0 of 60 bytes failed: Only part of a ReadProcessMemory or WriteProcessMemory request was completed. (0x12B)
[1121/155922.605:ERROR:process_memory_win.cc(73)] ReadMemory at 0x144a450ae60 of 58 bytes failed: Only part of a ReadProcessMemory or WriteProcessMemory request was completed. (0x12B)
[1121/155922.605:ERROR:process_memory_win.cc(73)] ReadMemory at 0x144a450aeb0 of 66 bytes failed: Only part of a ReadProcessMemory or WriteProcessMemory request was completed. (0x12B)
[1121/155922.605:ERROR:process_memory_win.cc(73)] ReadMemory at 0x144a450b130 of 62 bytes failed: Only part of a ReadProcessMemory or WriteProcessMemory request was completed. (0x12B)
[1121/155922.605:ERROR:process_memory_win.cc(73)] ReadMemory at 0x144a4514130 of 512 bytes failed: Only part of a ReadProcessMemory or WriteProcessMemory request was completed. (0x12B)
[1121/155922.605:ERROR:process_memory_win.cc(73)] ReadMemory at 0x144a4517740 of 512 bytes failed: Only part of a ReadProcessMemory or WriteProcessMemory request was completed. (0x12B)
[1121/155922.605:ERROR:process_memory_win.cc(73)] ReadMemory at 0x144a46d60a0 of 512 bytes failed: Only part of a ReadProcessMemory or WriteProcessMemory request was completed. (0x12B)
[1121/155922.605:ERROR:process_memory_win.cc(73)] ReadMemory at 0x144a46d9200 of 512 bytes failed: Only part of a ReadProcessMemory or WriteProcessMemory request was completed. (0x12B)
[1121/155922.605:ERROR:process_memory_win.cc(73)] ReadMemory at 0x144a46dd410 of 512 bytes failed: Only part of a ReadProcessMemory or WriteProcessMemory request was completed. (0x12B)
[1121/155922.605:ERROR:process_memory_win.cc(73)] ReadMemory at 0x144a46ed100 of 712 bytes failed: Only part of a ReadProcessMemory or WriteProcessMemory request was completed. (0x12B)
[1121/155922.605:ERROR:process_memory_win.cc(73)] ReadMemory at 0x144a46fdcb0 of 512 bytes failed: Only part of a ReadProcessMemory or WriteProcessMemory request was completed. (0x12B)
[1121/155922.605:ERROR:process_memory_win.cc(73)] ReadMemory at 0x144a677e198 of 512 bytes failed: Only part of a ReadProcessMemory or WriteProcessMemory request was completed. (0x12B)
[1121/155922.605:ERROR:process_memory_win.cc(73)] ReadMemory at 0x144a677e978 of 512 bytes failed: Only part of a ReadProcessMemory or WriteProcessMemory request was completed. (0x12B)
[1121/155922.605:ERROR:process_memory_win.cc(73)] ReadMemory at 0x144a677f038 of 512 bytes failed: Only part of a ReadProcessMemory or WriteProcessMemory request was completed. (0x12B)
[1121/155922.606:ERROR:process_memory_win.cc(73)] ReadMemory at 0x13ea84c17f98 of 512 bytes failed: Only part of a ReadProcessMemory or WriteProcessMemory request was completed. (0x12B)
[1121/155922.606:ERROR:process_memory_win.cc(73)] ReadMemory at 0x7ffd24c4c62c of 512 bytes failed: Only part of a ReadProcessMemory or WriteProcessMemory request was completed. (0x12B)
[1121/155922.606:ERROR:process_memory_win.cc(73)] ReadMemory at 0x7ffd28383250 of 512 bytes failed: Only part of a ReadProcessMemory or WriteProcessMemory request was completed. (0x12B)
[1121/155922.606:ERROR:process_memory_win.cc(73)] ReadMemory at 0x7ffd5bcfa7b9 of 512 bytes failed: Only part of a ReadProcessMemory or WriteProcessMemory request was completed. (0x12B)
[1121/155922.606:ERROR:process_memory_win.cc(73)] ReadMemory at 0x7ffd5bf2b6d0 of 512 bytes failed: Only part of a ReadProcessMemory or WriteProcessMemory request was completed. (0x12B)
[1121/155922.606:ERROR:process_memory_win.cc(73)] ReadMemory at 0x7ffd5eafc0c4 of 672 bytes failed: Only part of a ReadProcessMemory or WriteProcessMemory request was completed. (0x12B)
[1121/155922.606:ERROR:process_memory_win.cc(73)] ReadMemory at 0x7ffd5eafc6c4 of 512 bytes failed: Only part of a ReadProcessMemory or WriteProcessMemory request was completed. (0x12B)
[1121/155922.606:ERROR:process_memory_win.cc(73)] ReadMemory at 0x7ffd5eaff974 of 608 bytes failed: Only part of a ReadProcessMemory or WriteProcessMemory request was completed. (0x12B)
[1121/155922.606:ERROR:process_memory_win.cc(73)] ReadMemory at 0x7ffd5eb8c428 of 18 bytes failed: Only part of a ReadProcessMemory or WriteProcessMemory request was completed. (0x12B)
[1121/155922.606:ERROR:process_memory_win.cc(73)] ReadMemory at 0x7ffd5ebbf4f8 of 40 bytes failed: Only part of a ReadProcessMemory or WriteProcessMemory request was completed. (0x12B)
[1121/155922.606:ERROR:process_memory_win.cc(73)] ReadMemory at 0x7ffd5ebbf978 of 48 bytes failed: Only part of a ReadProcessMemory or WriteProcessMemory request was completed. (0x12B)
[1121/155922.606:ERROR:process_memory_win.cc(73)] ReadMemory at 0x7ffd5ebc53c0 of 64 bytes failed: Only part of a ReadProcessMemory or WriteProcessMemory request was completed. (0x12B)
[1121/155923.126:ERROR:scoped_process_suspend.cc(40)] NtResumeProcess: An attempt was made to access an exiting process. (0xc000010a)
[1121/231503.095:ERROR:process_info.cc(359)] UncheckedAllocate
[1121/231503.530:ERROR:process_info.cc(359)] UncheckedAllocate
[1121/233122.120:ERROR:process_info.cc(359)] UncheckedAllocate
[1121/233329.657:ERROR:process_memory_win.cc(73)] ReadMemory at 0x26dae520770 of 72 bytes failed: Only part of a ReadProcessMemory or WriteProcessMemory request was completed. (0x12B)
[1121/233329.673:WARNING:pe_image_annotations_reader.cc(134)] could not read annotations list object in C:\Program Files (x86)\Google\Chrome\Application\78.0.3904.108\chrome_elf.dll
[1121/233329.673:ERROR:process_memory_win.cc(73)] ReadMemory at 0x7ffd16a50000 of 64 bytes failed: Only part of a ReadProcessMemory or WriteProcessMemory request was completed. (0x12B)
[1121/233329.673:WARNING:pe_image_reader.cc(340)] could not read dos header from C:\Program Files (x86)\Google\Chrome\Application\78.0.3904.108\chrome_child.dll
[1121/233329.673:ERROR:process_memory_win.cc(73)] ReadMemory at 0x7ffd43490000 of 64 bytes failed: Only part of a ReadProcessMemory or WriteProcessMemory request was completed. (0x12B)
[1121/233329.673:WARNING:pe_image_reader.cc(340)] could not read dos header from C:\WINDOWS\SYSTEM32\DWrite.dll
[1121/233329.673:ERROR:process_memory_win.cc(73)] ReadMemory at 0x7ffd4df900f8 of 264 bytes failed: Only part of a ReadProcessMemory or WriteProcessMemory request was completed. (0x12B)
[1121/233329.673:WARNING:pe_image_reader.cc(354)] could not read nt headers from C:\WINDOWS\SYSTEM32\WINSPOOL.DRV
[1121/233329.673:ERROR:process_memory_win.cc(73)] ReadMemory at 0x7ffd495a0000 of 64 bytes failed: Only part of a ReadProcessMemory or WriteProcessMemory request was completed. (0x12B)
[1121/233329.673:WARNING:pe_image_reader.cc(340)] could not read dos header from C:\WINDOWS\SYSTEM32\Secur32.dll
[1121/233329.673:ERROR:process_memory_win.cc(73)] ReadMemory at 0x7ff758f90000 of 64 bytes failed: Only part of a ReadProcessMemory or WriteProcessMemory request was completed. (0x12B)
[1121/233329.673:WARNING:pe_image_reader.cc(340)] could not read dos header from C:\Program Files (x86)\Google\Chrome\Application\chrome.exe
[1121/233329.673:ERROR:process_memory_win.cc(73)] ReadMemory at 0x7ffd4e820000 of 64 bytes failed: Only part of a ReadProcessMemory or WriteProcessMemory request was completed. (0x12B)
[1121/233329.673:WARNING:pe_image_reader.cc(340)] could not read dos header from C:\Program Files (x86)\Google\Chrome\Application\78.0.3904.108\chrome_elf.dll
[1121/233329.673:ERROR:process_memory_win.cc(73)] ReadMemory at 0x7ffd50650000 of 64 bytes failed: Only part of a ReadProcessMemory or WriteProcessMemory request was completed. (0x12B)
[1121/233329.673:WARNING:pe_image_reader.cc(340)] could not read dos header from C:\WINDOWS\SYSTEM32\VERSION.dll
[1121/233329.673:ERROR:process_memory_win.cc(73)] ReadMemory at 0x7ffd16a50000 of 64 bytes failed: Only part of a ReadProcessMemory or WriteProcessMemory request was completed. (0x12B)
[1121/233329.673:WARNING:pe_image_reader.cc(340)] could not read dos header from C:\Program Files (x86)\Google\Chrome\Application\78.0.3904.108\chrome_child.dll
[1121/233329.673:ERROR:process_memory_win.cc(73)] ReadMemory at 0x7ffd43490000 of 64 bytes failed: Only part of a ReadProcessMemory or WriteProcessMemory request was completed. (0x12B)
[1121/233329.673:WARNING:pe_image_reader.cc(340)] could not read dos header from C:\WINDOWS\SYSTEM32\DWrite.dll
[1121/233329.673:ERROR:process_memory_win.cc(73)] ReadMemory at 0x7ffd4df90000 of 64 bytes failed: Only part of a ReadProcessMemory or WriteProcessMemory request was completed. (0x12B)
[1121/233329.673:WARNING:pe_image_reader.cc(340)] could not read dos header from C:\WINDOWS\SYSTEM32\WINSPOOL.DRV
[1121/233329.673:ERROR:process_memory_win.cc(73)] ReadMemory at 0x7ffd495a0000 of 64 bytes failed: Only part of a ReadProcessMemory or WriteProcessMemory request was completed. (0x12B)
[1121/233329.673:WARNING:pe_image_reader.cc(340)] could not read dos header from C:\WINDOWS\SYSTEM32\Secur32.dll
[1121/233329.688:ERROR:process_memory_win.cc(73)] ReadMemory at 0x8db7de7000 of 102400 bytes failed: Only part of a ReadProcessMemory or WriteProcessMemory request was completed. (0x12B)
[1121/233329.704:ERROR:process_memory_win.cc(73)] ReadMemory at 0x8db85fd000 of 12288 bytes failed: Only part of a ReadProcessMemory or WriteProcessMemory request was completed. (0x12B)
[1121/233329.704:ERROR:process_memory_win.cc(73)] ReadMemory at 0x8db8dfc000 of 16384 bytes failed: Only part of a ReadProcessMemory or WriteProcessMemory request was completed. (0x12B)
[1121/233329.704:ERROR:process_memory_win.cc(73)] ReadMemory at 0x8db95fd000 of 12288 bytes failed: Only part of a ReadProcessMemory or WriteProcessMemory request was completed. (0x12B)
[1121/233329.704:ERROR:process_memory_win.cc(73)] ReadMemory at 0x8db9dfc000 of 16384 bytes failed: Only part of a ReadProcessMemory or WriteProcessMemory request was completed. (0x12B)
[1121/233329.704:ERROR:process_memory_win.cc(73)] ReadMemory at 0x8dba5fe000 of 8192 bytes failed: Only part of a ReadProcessMemory or WriteProcessMemory request was completed. (0x12B)
[1121/233329.704:ERROR:process_memory_win.cc(73)] ReadMemory at 0x8dbadfd000 of 12288 bytes failed: Only part of a ReadProcessMemory or WriteProcessMemory request was completed. (0x12B)
[1121/233329.704:ERROR:process_memory_win.cc(73)] ReadMemory at 0x8dbb5fb000 of 20480 bytes failed: Only part of a ReadProcessMemory or WriteProcessMemory request was completed. (0x12B)
[1121/233329.704:ERROR:process_memory_win.cc(73)] ReadMemory at 0x8dbc5f4000 of 49152 bytes failed: Only part of a ReadProcessMemory or WriteProcessMemory request was completed. (0x12B)
[1121/233329.704:ERROR:process_memory_win.cc(73)] ReadMemory at 0x8dbcdf4000 of 49152 bytes failed: Only part of a ReadProcessMemory or WriteProcessMemory request was completed. (0x12B)
[1121/233329.704:ERROR:process_memory_win.cc(73)] ReadMemory at 0x8dbd5fd000 of 12288 bytes failed: Only part of a ReadProcessMemory or WriteProcessMemory request was completed. (0x12B)
[1121/233329.704:ERROR:process_memory_win.cc(73)] ReadMemory at 0x8dbddfc000 of 16384 bytes failed: Only part of a ReadProcessMemory or WriteProcessMemory request was completed. (0x12B)
[1121/233329.704:ERROR:process_memory_win.cc(73)] ReadMemory at 0x8dbe5fc000 of 16384 bytes failed: Only part of a ReadProcessMemory or WriteProcessMemory request was completed. (0x12B)
[1121/233329.704:ERROR:process_memory_win.cc(73)] ReadMemory at 0x8db7591000 of 852 bytes failed: Only part of a ReadProcessMemory or WriteProcessMemory request was completed. (0x12B)
[1121/233329.704:ERROR:process_memory_win.cc(73)] ReadMemory at 0x8db7592000 of 6024 bytes failed: Only part of a ReadProcessMemory or WriteProcessMemory request was completed. (0x12B)
[1121/233329.704:ERROR:process_memory_win.cc(73)] ReadMemory at 0x8db7594000 of 6024 bytes failed: Only part of a ReadProcessMemory or WriteProcessMemory request was completed. (0x12B)
[1121/233329.704:ERROR:process_memory_win.cc(73)] ReadMemory at 0x8db7596000 of 6024 bytes failed: Only part of a ReadProcessMemory or WriteProcessMemory request was completed. (0x12B)
[1121/233329.704:ERROR:process_memory_win.cc(73)] ReadMemory at 0x8db7598000 of 6024 bytes failed: Only part of a ReadProcessMemory or WriteProcessMemory request was completed. (0x12B)
[1121/233329.704:ERROR:process_memory_win.cc(73)] ReadMemory at 0x8db759a000 of 6024 bytes failed: Only part of a ReadProcessMemory or WriteProcessMemory request was completed. (0x12B)
[1121/233329.704:ERROR:process_memory_win.cc(73)] ReadMemory at 0x8db759c000 of 6024 bytes failed: Only part of a ReadProcessMemory or WriteProcessMemory request was completed. (0x12B)
[1121/233329.704:ERROR:process_memory_win.cc(73)] ReadMemory at 0x8db759e000 of 6024 bytes failed: Only part of a ReadProcessMemory or WriteProcessMemory request was completed. (0x12B)
[1121/233329.704:ERROR:process_memory_win.cc(73)] ReadMemory at 0x8db75a0000 of 6024 bytes failed: Only part of a ReadProcessMemory or WriteProcessMemory request was completed. (0x12B)
[1121/233329.704:ERROR:process_memory_win.cc(73)] ReadMemory at 0x8db75a4000 of 6024 bytes failed: Only part of a ReadProcessMemory or WriteProcessMemory request was completed. (0x12B)
[1121/233329.704:ERROR:process_memory_win.cc(73)] ReadMemory at 0x8db75a6000 of 6024 bytes failed: Only part of a ReadProcessMemory or WriteProcessMemory request was completed. (0x12B)
[1121/233329.704:ERROR:process_memory_win.cc(73)] ReadMemory at 0x8db75a8000 of 6024 bytes failed: Only part of a ReadProcessMemory or WriteProcessMemory request was completed. (0x12B)
[1121/233329.704:ERROR:process_memory_win.cc(73)] ReadMemory at 0x8db75aa000 of 6024 bytes failed: Only part of a ReadProcessMemory or WriteProcessMemory request was completed. (0x12B)
[1121/233329.704:ERROR:process_memory_win.cc(73)] ReadMemory at 0x8db75ac000 of 6024 bytes failed: Only part of a ReadProcessMemory or WriteProcessMemory request was completed. (0x12B)
[1121/233329.704:ERROR:process_memory_win.cc(73)] ReadMemory at 0x26dae0e0750 of 80 bytes failed: Only part of a ReadProcessMemory or WriteProcessMemory request was completed. (0x12B)
[1121/233329.704:ERROR:process_memory_win.cc(73)] ReadMemory at 0x26dae0e0fe0 of 5556 bytes failed: Only part of a ReadProcessMemory or WriteProcessMemory request was completed. (0x12B)
[1121/233329.704:ERROR:process_memory_win.cc(73)] ReadMemory at 0x26dae0e25a0 of 1012 bytes failed: Only part of a ReadProcessMemory or WriteProcessMemory request was completed. (0x12B)
[1121/233329.704:ERROR:process_memory_win.cc(73)] ReadMemory at 0x26dae0e2be8 of 118 bytes failed: Only part of a ReadProcessMemory or WriteProcessMemory request was completed. (0x12B)
[1121/233329.704:ERROR:process_memory_win.cc(73)] ReadMemory at 0x26dae0e2c60 of 1320 bytes failed: Only part of a ReadProcessMemory or WriteProcessMemory request was completed. (0x12B)
[1121/233329.704:ERROR:process_memory_win.cc(73)] ReadMemory at 0x26dae0e318a of 118 bytes failed: Only part of a ReadProcessMemory or WriteProcessMemory request was completed. (0x12B)
[1121/233329.704:ERROR:process_memory_win.cc(73)] ReadMemory at 0x26dae0e3202 of 100 bytes failed: Only part of a ReadProcessMemory or WriteProcessMemory request was completed. (0x12B)
[1121/233329.704:ERROR:process_memory_win.cc(73)] ReadMemory at 0x26dae0e3280 of 58 bytes failed: Only part of a ReadProcessMemory or WriteProcessMemory request was completed. (0x12B)
[1121/233329.704:ERROR:process_memory_win.cc(73)] ReadMemory at 0x26dae0e3380 of 132 bytes failed: Only part of a ReadProcessMemory or WriteProcessMemory request was completed. (0x12B)
[1121/233329.704:ERROR:process_memory_win.cc(73)] ReadMemory at 0x26dae0e3510 of 132 bytes failed: Only part of a ReadProcessMemory or WriteProcessMemory request was completed. (0x12B)
[1121/233329.704:ERROR:process_memory_win.cc(73)] ReadMemory at 0x26dae0e36d0 of 126 bytes failed: Only part of a ReadProcessMemory or WriteProcessMemory request was completed. (0x12B)
[1121/233329.704:ERROR:process_memory_win.cc(73)] ReadMemory at 0x26dae0e3ab0 of 132 bytes failed: Only part of a ReadProcessMemory or WriteProcessMemory request was completed. (0x12B)
[1121/233329.704:ERROR:process_memory_win.cc(73)] ReadMemory at 0x26dae0e3c40 of 64 bytes failed: Only part of a ReadProcessMemory or WriteProcessMemory request was completed. (0x12B)
[1121/233329.704:ERROR:process_memory_win.cc(73)] ReadMemory at 0x26dae0e3c90 of 132 bytes failed: Only part of a ReadProcessMemory or WriteProcessMemory request was completed. (0x12B)
[1121/233329.704:ERROR:process_memory_win.cc(73)] ReadMemory at 0x26dae0e3e00 of 132 bytes failed: Only part of a ReadProcessMemory or WriteProcessMemory request was completed. (0x12B)
[1121/233329.704:ERROR:process_memory_win.cc(73)] ReadMemory at 0x26dae0e40a0 of 132 bytes failed: Only part of a ReadProcessMemory or WriteProcessMemory request was completed. (0x12B)
[1121/233329.704:ERROR:process_memory_win.cc(73)] ReadMemory at 0x26dae0e4230 of 68 bytes failed: Only part of a ReadProcessMemory or WriteProcessMemory request was completed. (0x12B)
[1121/233329.704:ERROR:process_memory_win.cc(73)] ReadMemory at 0x26dae0e5330 of 158 bytes failed: Only part of a ReadProcessMemory or WriteProcessMemory request was completed. (0x12B)
[1121/233329.704:ERROR:process_memory_win.cc(73)] ReadMemory at 0x26dae0e5410 of 132 bytes failed: Only part of a ReadProcessMemory or WriteProcessMemory request was completed. (0x12B)
[1121/233329.704:ERROR:process_memory_win.cc(73)] ReadMemory at 0x26dae0e55a0 of 154 bytes failed: Only part of a ReadProcessMemory or WriteProcessMemory request was completed. (0x12B)
[1121/233329.704:ERROR:process_memory_win.cc(73)] ReadMemory at 0x26dae0e64b0 of 132 bytes failed: Only part of a ReadProcessMemory or WriteProcessMemory request was completed. (0x12B)
[1121/233329.704:ERROR:process_memory_win.cc(73)] ReadMemory at 0x26dae0e6640 of 60 bytes failed: Only part of a ReadProcessMemory or WriteProcessMemory request was completed. (0x12B)
[1121/233329.704:ERROR:process_memory_win.cc(73)] ReadMemory at 0x26dae0e6f70 of 62 bytes failed: Only part of a ReadProcessMemory or WriteProcessMemory request was completed. (0x12B)
[1121/233329.704:ERROR:process_memory_win.cc(73)] ReadMemory at 0x26dae0e7670 of 132 bytes failed: Only part of a ReadProcessMemory or WriteProcessMemory request was completed. (0x12B)
[1121/233329.704:ERROR:process_memory_win.cc(73)] ReadMemory at 0x26dae0e78e0 of 132 bytes failed: Only part of a ReadProcessMemory or WriteProcessMemory request was completed. (0x12B)
[1121/233329.704:ERROR:process_memory_win.cc(73)] ReadMemory at 0x26dae0e7af0 of 132 bytes failed: Only part of a ReadProcessMemory or WriteProcessMemory request was completed. (0x12B)
[1121/233329.704:ERROR:process_memory_win.cc(73)] ReadMemory at 0x26dae0e7dd0 of 132 bytes failed: Only part of a ReadProcessMemory or WriteProcessMemory request was completed. (0x12B)
[1121/233329.704:ERROR:process_memory_win.cc(73)] ReadMemory at 0x26dae0e8130 of 132 bytes failed: Only part of a ReadProcessMemory or WriteProcessMemory request was completed. (0x12B)
[1121/233329.704:ERROR:process_memory_win.cc(73)] ReadMemory at 0x26dae0eb030 of 64 bytes failed: Only part of a ReadProcessMemory or WriteProcessMemory request was completed. (0x12B)
[1121/233329.704:ERROR:process_memory_win.cc(73)] ReadMemory at 0x26dae0eb120 of 64 bytes failed: Only part of a ReadProcessMemory or WriteProcessMemory request was completed. (0x12B)
[1121/233329.704:ERROR:process_memory_win.cc(73)] ReadMemory at 0x26dae0eb170 of 62 bytes failed: Only part of a ReadProcessMemory or WriteProcessMemory request was completed. (0x12B)
[1121/233329.704:ERROR:process_memory_win.cc(73)] ReadMemory at 0x26dae0eb1c0 of 60 bytes failed: Only part of a ReadProcessMemory or WriteProcessMemory request was completed. (0x12B)
[1121/233329.704:ERROR:process_memory_win.cc(73)] ReadMemory at 0x26dae0eb260 of 64 bytes failed: Only part of a ReadProcessMemory or WriteProcessMemory request was completed. (0x12B)
[1121/233329.704:ERROR:process_memory_win.cc(73)] ReadMemory at 0x26dae0eb300 of 62 bytes failed: Only part of a ReadProcessMemory or WriteProcessMemory request was completed. (0x12B)
[1121/233329.704:ERROR:process_memory_win.cc(73)] ReadMemory at 0x26dae0eb3f0 of 66 bytes failed: Only part of a ReadProcessMemory or WriteProcessMemory request was completed. (0x12B)
[1121/233329.704:ERROR:process_memory_win.cc(73)] ReadMemory at 0x26dae0eb490 of 64 bytes failed: Only part of a ReadProcessMemory or WriteProcessMemory request was completed. (0x12B)
[1121/233329.704:ERROR:process_memory_win.cc(73)] ReadMemory at 0x26dae0eb620 of 60 bytes failed: Only part of a ReadProcessMemory or WriteProcessMemory request was completed. (0x12B)
[1121/233329.704:ERROR:process_memory_win.cc(73)] ReadMemory at 0x26dae0eb840 of 132 bytes failed: Only part of a ReadProcessMemory or WriteProcessMemory request was completed. (0x12B)
[1121/233329.704:ERROR:process_memory_win.cc(73)] ReadMemory at 0x26dae0eb970 of 132 bytes failed: Only part of a ReadProcessMemory or WriteProcessMemory request was completed. (0x12B)
[1121/233329.704:ERROR:process_memory_win.cc(73)] ReadMemory at 0x26dae0ebaa0 of 132 bytes failed: Only part of a ReadProcessMemory or WriteProcessMemory request was completed. (0x12B)
[1121/233329.704:ERROR:process_memory_win.cc(73)] ReadMemory at 0x26dae0ebbd0 of 132 bytes failed: Only part of a ReadProcessMemory or WriteProcessMemory request was completed. (0x12B)
[1121/233329.704:ERROR:process_memory_win.cc(73)] ReadMemory at 0x26dae0ebd00 of 132 bytes failed: Only part of a ReadProcessMemory or WriteProcessMemory request was completed. (0x12B)
[1121/233329.704:ERROR:process_memory_win.cc(73)] ReadMemory at 0x26dae0ebe30 of 132 bytes failed: Only part of a ReadProcessMemory or WriteProcessMemory request was completed. (0x12B)
[1121/233329.704:ERROR:process_memory_win.cc(73)] ReadMemory at 0x26dae0ebf60 of 132 bytes failed: Only part of a ReadProcessMemory or WriteProcessMemory request was completed. (0x12B)
[1121/233329.704:ERROR:process_memory_win.cc(73)] ReadMemory at 0x26dae0ec090 of 132 bytes failed: Only part of a ReadProcessMemory or WriteProcessMemory request was completed. (0x12B)
[1121/233329.704:ERROR:process_memory_win.cc(73)] ReadMemory at 0x26dae0ec1c0 of 132 bytes failed: Only part of a ReadProcessMemory or WriteProcessMemory request was completed. (0x12B)
[1121/233329.704:ERROR:process_memory_win.cc(73)] ReadMemory at 0x26dae0ec2f0 of 132 bytes failed: Only part of a ReadProcessMemory or WriteProcessMemory request was completed. (0x12B)
[1121/233329.704:ERROR:process_memory_win.cc(73)] ReadMemory at 0x26dae0ec420 of 132 bytes failed: Only part of a ReadProcessMemory or WriteProcessMemory request was completed. (0x12B)
[1121/233329.704:ERROR:process_memory_win.cc(73)] ReadMemory at 0x26dae0ec550 of 132 bytes failed: Only part of a ReadProcessMemory or WriteProcessMemory request was completed. (0x12B)
[1121/233329.704:ERROR:process_memory_win.cc(73)] ReadMemory at 0x26dae0eeb10 of 132 bytes failed: Only part of a ReadProcessMemory or WriteProcessMemory request was completed. (0x12B)
[1121/233329.704:ERROR:process_memory_win.cc(73)] ReadMemory at 0x26dae0efd30 of 132 bytes failed: Only part of a ReadProcessMemory or WriteProcessMemory request was completed. (0x12B)
[1121/233329.704:ERROR:process_memory_win.cc(73)] ReadMemory at 0x26dae0f0400 of 132 bytes failed: Only part of a ReadProcessMemory or WriteProcessMemory request was completed. (0x12B)
[1121/233329.704:ERROR:process_memory_win.cc(73)] ReadMemory at 0x26dae0f2310 of 132 bytes failed: Only part of a ReadProcessMemory or WriteProcessMemory request was completed. (0x12B)
[1121/233329.704:ERROR:process_memory_win.cc(73)] ReadMemory at 0x26dae0f49e0 of 54 bytes failed: Only part of a ReadProcessMemory or WriteProcessMemory request was completed. (0x12B)
[1121/233329.704:ERROR:process_memory_win.cc(73)] ReadMemory at 0x26dae0f5980 of 78 bytes failed: Only part of a ReadProcessMemory or WriteProcessMemory request was completed. (0x12B)
[1121/233329.704:ERROR:process_memory_win.cc(73)] ReadMemory at 0x26dae0f5ce0 of 76 bytes failed: Only part of a ReadProcessMemory or WriteProcessMemory request was completed. (0x12B)
[1121/233329.704:ERROR:process_memory_win.cc(73)] ReadMemory at 0x26dae0f6110 of 60 bytes failed: Only part of a ReadProcessMemory or WriteProcessMemory request was completed. (0x12B)
[1121/233329.704:ERROR:process_memory_win.cc(73)] ReadMemory at 0x26dae0f6160 of 62 bytes failed: Only part of a ReadProcessMemory or WriteProcessMemory request was completed. (0x12B)
[1121/233329.719:ERROR:process_memory_win.cc(73)] ReadMemory at 0x26dae0f61b0 of 62 bytes failed: Only part of a ReadProcessMemory or WriteProcessMemory request was completed. (0x12B)
[1121/233329.719:ERROR:process_memory_win.cc(73)] ReadMemory at 0x26dae0f6200 of 62 bytes failed: Only part of a ReadProcessMemory or WriteProcessMemory request was completed. (0x12B)
[1121/233329.719:ERROR:process_memory_win.cc(73)] ReadMemory at 0x26dae0f62a0 of 62 bytes failed: Only part of a ReadProcessMemory or WriteProcessMemory request was completed. (0x12B)
[1121/233329.719:ERROR:process_memory_win.cc(73)] ReadMemory at 0x26dae0f62f0 of 62 bytes failed: Only part of a ReadProcessMemory or WriteProcessMemory request was completed. (0x12B)
[1121/233329.719:ERROR:process_memory_win.cc(73)] ReadMemory at 0x26dae0f64d0 of 64 bytes failed: Only part of a ReadProcessMemory or WriteProcessMemory request was completed. (0x12B)
[1121/233329.719:ERROR:process_memory_win.cc(73)] ReadMemory at 0x26dae0f6520 of 60 bytes failed: Only part of a ReadProcessMemory or WriteProcessMemory request was completed. (0x12B)
[1121/233329.719:ERROR:process_memory_win.cc(73)] ReadMemory at 0x26dae0f6570 of 58 bytes failed: Only part of a ReadProcessMemory or WriteProcessMemory request was completed. (0x12B)
[1121/233329.719:ERROR:process_memory_win.cc(73)] ReadMemory at 0x26dae0f6610 of 62 bytes failed: Only part of a ReadProcessMemory or WriteProcessMemory request was completed. (0x12B)
[1121/233329.719:ERROR:process_memory_win.cc(73)] ReadMemory at 0x26dae0f6890 of 64 bytes failed: Only part of a ReadProcessMemory or WriteProcessMemory request was completed. (0x12B)
[1121/233329.719:ERROR:process_memory_win.cc(73)] ReadMemory at 0x26dae0f68e0 of 60 bytes failed: Only part of a ReadProcessMemory or WriteProcessMemory request was completed. (0x12B)
[1121/233329.719:ERROR:process_memory_win.cc(73)] ReadMemory at 0x26dae0f6a20 of 62 bytes failed: Only part of a ReadProcessMemory or WriteProcessMemory request was completed. (0x12B)
[1121/233329.719:ERROR:process_memory_win.cc(73)] ReadMemory at 0x26dae0f6a70 of 64 bytes failed: Only part of a ReadProcessMemory or WriteProcessMemory request was completed. (0x12B)
[1121/233329.719:ERROR:process_memory_win.cc(73)] ReadMemory at 0x26dae0f6c00 of 60 bytes failed: Only part of a ReadProcessMemory or WriteProcessMemory request was completed. (0x12B)
[1121/233329.719:ERROR:process_memory_win.cc(73)] ReadMemory at 0x26dae0f6c50 of 62 bytes failed: Only part of a ReadProcessMemory or WriteProcessMemory request was completed. (0x12B)
[1121/233329.719:ERROR:process_memory_win.cc(73)] ReadMemory at 0x26dae0f6d40 of 62 bytes failed: Only part of a ReadProcessMemory or WriteProcessMemory request was completed. (0x12B)
[1121/233329.719:ERROR:process_memory_win.cc(73)] ReadMemory at 0x26dae0f6de0 of 66 bytes failed: Only part of a ReadProcessMemory or WriteProcessMemory request was completed. (0x12B)
[1121/233329.719:ERROR:process_memory_win.cc(73)] ReadMemory at 0x26dae0f6e80 of 64 bytes failed: Only part of a ReadProcessMemory or WriteProcessMemory request was completed. (0x12B)
[1121/233329.719:ERROR:process_memory_win.cc(73)] ReadMemory at 0x26dae0f6f20 of 64 bytes failed: Only part of a ReadProcessMemory or WriteProcessMemory request was completed. (0x12B)
[1121/233329.719:ERROR:process_memory_win.cc(73)] ReadMemory at 0x26dae0f79c0 of 132 bytes failed: Only part of a ReadProcessMemory or WriteProcessMemory request was completed. (0x12B)
[1121/233329.719:ERROR:process_memory_win.cc(73)] ReadMemory at 0x26dae0f7af0 of 132 bytes failed: Only part of a ReadProcessMemory or WriteProcessMemory request was completed. (0x12B)
[1121/233329.719:ERROR:process_memory_win.cc(73)] ReadMemory at 0x26dae0f7c20 of 132 bytes failed: Only part of a ReadProcessMemory or WriteProcessMemory request was completed. (0x12B)
[1121/233329.719:ERROR:process_memory_win.cc(73)] ReadMemory at 0x26dae0f7d50 of 132 bytes failed: Only part of a ReadProcessMemory or WriteProcessMemory request was completed. (0x12B)
[1121/233329.719:ERROR:process_memory_win.cc(73)] ReadMemory at 0x26dae0f7e80 of 132 bytes failed: Only part of a ReadProcessMemory or WriteProcessMemory request was completed. (0x12B)
[1121/233329.719:ERROR:process_memory_win.cc(73)] ReadMemory at 0x26dae0f7fb0 of 132 bytes failed: Only part of a ReadProcessMemory or WriteProcessMemory request was completed. (0x12B)
[1121/233329.719:ERROR:process_memory_win.cc(73)] ReadMemory at 0x26dae0f80e0 of 132 bytes failed: Only part of a ReadProcessMemory or WriteProcessMemory request was completed. (0x12B)
[1121/233329.719:ERROR:process_memory_win.cc(73)] ReadMemory at 0x26dae0f8210 of 132 bytes failed: Only part of a ReadProcessMemory or WriteProcessMemory request was completed. (0x12B)
[1121/233329.719:ERROR:process_memory_win.cc(73)] ReadMemory at 0x26dae0f8340 of 132 bytes failed: Only part of a ReadProcessMemory or WriteProcessMemory request was completed. (0x12B)
[1121/233329.719:ERROR:process_memory_win.cc(73)] ReadMemory at 0x26dae0f8470 of 132 bytes failed: Only part of a ReadProcessMemory or WriteProcessMemory request was completed. (0x12B)
[1121/233329.719:ERROR:process_memory_win.cc(73)] ReadMemory at 0x26dae0f85a0 of 132 bytes failed: Only part of a ReadProcessMemory or WriteProcessMemory request was completed. (0x12B)
[1121/233329.719:ERROR:process_memory_win.cc(73)] ReadMemory at 0x26dae0f86d0 of 132 bytes failed: Only part of a ReadProcessMemory or WriteProcessMemory request was completed. (0x12B)
[1121/233329.719:ERROR:process_memory_win.cc(73)] ReadMemory at 0x26dae0f8800 of 132 bytes failed: Only part of a ReadProcessMemory or WriteProcessMemory request was completed. (0x12B)
[1121/233329.719:ERROR:process_memory_win.cc(73)] ReadMemory at 0x26dae0f8df0 of 132 bytes failed: Only part of a ReadProcessMemory or WriteProcessMemory request was completed. (0x12B)
[1121/233329.719:ERROR:process_memory_win.cc(73)] ReadMemory at 0x26dae0f8f20 of 132 bytes failed: Only part of a ReadProcessMemory or WriteProcessMemory request was completed. (0x12B)
[1121/233329.719:ERROR:process_memory_win.cc(73)] ReadMemory at 0x26dae0f9050 of 132 bytes failed: Only part of a ReadProcessMemory or WriteProcessMemory request was completed. (0x12B)
[1121/233329.719:ERROR:process_memory_win.cc(73)] ReadMemory at 0x26dae0f9180 of 132 bytes failed: Only part of a ReadProcessMemory or WriteProcessMemory request was completed. (0x12B)
[1121/233329.719:ERROR:process_memory_win.cc(73)] ReadMemory at 0x26dae0f93e0 of 132 bytes failed: Only part of a ReadProcessMemory or WriteProcessMemory request was completed. (0x12B)
[1121/233329.719:ERROR:process_memory_win.cc(73)] ReadMemory at 0x26dae0f9510 of 132 bytes failed: Only part of a ReadProcessMemory or WriteProcessMemory request was completed. (0x12B)
[1121/233329.719:ERROR:process_memory_win.cc(73)] ReadMemory at 0x26dae0f9640 of 132 bytes failed: Only part of a ReadProcessMemory or WriteProcessMemory request was completed. (0x12B)
[1121/233329.719:ERROR:process_memory_win.cc(73)] ReadMemory at 0x26dae109e40 of 62 bytes failed: Only part of a ReadProcessMemory or WriteProcessMemory request was completed. (0x12B)
[1121/233329.719:ERROR:process_memory_win.cc(73)] ReadMemory at 0x26dae109e90 of 60 bytes failed: Only part of a ReadProcessMemory or WriteProcessMemory request was completed. (0x12B)
[1121/233329.719:ERROR:process_memory_win.cc(73)] ReadMemory at 0x26dae109fd0 of 60 bytes failed: Only part of a ReadProcessMemory or WriteProcessMemory request was completed. (0x12B)
[1121/233329.719:ERROR:process_memory_win.cc(73)] ReadMemory at 0x26dae10a390 of 58 bytes failed: Only part of a ReadProcessMemory or WriteProcessMemory request was completed. (0x12B)
[1121/233329.719:ERROR:process_memory_win.cc(73)] ReadMemory at 0x26dae10a5c0 of 62 bytes failed: Only part of a ReadProcessMemory or WriteProcessMemory request was completed. (0x12B)
[1121/233329.719:ERROR:process_memory_win.cc(73)] ReadMemory at 0x26dae10a6b0 of 66 bytes failed: Only part of a ReadProcessMemory or WriteProcessMemory request was completed. (0x12B)
[1121/233329.719:ERROR:process_memory_win.cc(73)] ReadMemory at 0x26dae10a8e0 of 58 bytes failed: Only part of a ReadProcessMemory or WriteProcessMemory request was completed. (0x12B)
[1121/233329.719:ERROR:process_memory_win.cc(73)] ReadMemory at 0x26dae10a9d0 of 58 bytes failed: Only part of a ReadProcessMemory or WriteProcessMemory request was completed. (0x12B)
[1121/233329.719:ERROR:process_memory_win.cc(73)] ReadMemory at 0x26dae1148f0 of 512 bytes failed: Only part of a ReadProcessMemory or WriteProcessMemory request was completed. (0x12B)
[1121/233329.719:ERROR:process_memory_win.cc(73)] ReadMemory at 0x26dae1155e0 of 512 bytes failed: Only part of a ReadProcessMemory or WriteProcessMemory request was completed. (0x12B)
[1121/233329.719:ERROR:process_memory_win.cc(73)] ReadMemory at 0x26dae204000 of 512 bytes failed: Only part of a ReadProcessMemory or WriteProcessMemory request was completed. (0x12B)
[1121/233329.719:ERROR:process_memory_win.cc(73)] ReadMemory at 0x26dae205c80 of 512 bytes failed: Only part of a ReadProcessMemory or WriteProcessMemory request was completed. (0x12B)
[1121/233329.719:ERROR:process_memory_win.cc(73)] ReadMemory at 0x26dae2c65a0 of 512 bytes failed: Only part of a ReadProcessMemory or WriteProcessMemory request was completed. (0x12B)
[1121/233329.719:ERROR:process_memory_win.cc(73)] ReadMemory at 0x26dae2c9500 of 512 bytes failed: Only part of a ReadProcessMemory or WriteProcessMemory request was completed. (0x12B)
[1121/233329.719:ERROR:process_memory_win.cc(73)] ReadMemory at 0x26dae2c9a40 of 512 bytes failed: Only part of a ReadProcessMemory or WriteProcessMemory request was completed. (0x12B)
[1121/233329.719:ERROR:process_memory_win.cc(73)] ReadMemory at 0x26dae2ecb00 of 712 bytes failed: Only part of a ReadProcessMemory or WriteProcessMemory request was completed. (0x12B)
[1121/233329.719:ERROR:process_memory_win.cc(73)] ReadMemory at 0x26dae30afe8 of 512 bytes failed: Only part of a ReadProcessMemory or WriteProcessMemory request was completed. (0x12B)
[1121/233329.719:ERROR:process_memory_win.cc(73)] ReadMemory at 0x26dae30b468 of 656 bytes failed: Only part of a ReadProcessMemory or WriteProcessMemory request was completed. (0x12B)
[1121/233329.719:ERROR:process_memory_win.cc(73)] ReadMemory at 0x26dae3217b0 of 512 bytes failed: Only part of a ReadProcessMemory or WriteProcessMemory request was completed. (0x12B)
[1121/233329.719:ERROR:process_memory_win.cc(73)] ReadMemory at 0x26db056b2a0 of 704 bytes failed: Only part of a ReadProcessMemory or WriteProcessMemory request was completed. (0x12B)
[1121/233329.719:ERROR:process_memory_win.cc(73)] ReadMemory at 0x26db11de330 of 512 bytes failed: Only part of a ReadProcessMemory or WriteProcessMemory request was completed. (0x12B)
[1121/233329.719:ERROR:process_memory_win.cc(73)] ReadMemory at 0x7ffd16cb979a of 512 bytes failed: Only part of a ReadProcessMemory or WriteProcessMemory request was completed. (0x12B)
[1121/233329.719:ERROR:process_memory_win.cc(73)] ReadMemory at 0x7ffd16cbdd99 of 512 bytes failed: Only part of a ReadProcessMemory or WriteProcessMemory request was completed. (0x12B)
[1121/233329.719:ERROR:process_memory_win.cc(73)] ReadMemory at 0x7ffd184dc62c of 512 bytes failed: Only part of a ReadProcessMemory or WriteProcessMemory request was completed. (0x12B)
[1121/233329.719:ERROR:process_memory_win.cc(73)] ReadMemory at 0x7ffd5bcfa7b9 of 512 bytes failed: Only part of a ReadProcessMemory or WriteProcessMemory request was completed. (0x12B)
[1121/233329.719:ERROR:process_memory_win.cc(73)] ReadMemory at 0x7ffd5bf2b6d0 of 512 bytes failed: Only part of a ReadProcessMemory or WriteProcessMemory request was completed. (0x12B)
[1121/233329.719:ERROR:process_memory_win.cc(73)] ReadMemory at 0x7ffd5eafc0c4 of 672 bytes failed: Only part of a ReadProcessMemory or WriteProcessMemory request was completed. (0x12B)
[1121/233329.719:ERROR:process_memory_win.cc(73)] ReadMemory at 0x7ffd5eafc6c4 of 512 bytes failed: Only part of a ReadProcessMemory or WriteProcessMemory request was completed. (0x12B)
[1121/233329.719:ERROR:process_memory_win.cc(73)] ReadMemory at 0x7ffd5eaff974 of 608 bytes failed: Only part of a ReadProcessMemory or WriteProcessMemory request was completed. (0x12B)
[1121/233329.719:ERROR:process_memory_win.cc(73)] ReadMemory at 0x7ffd5eb8c428 of 18 bytes failed: Only part of a ReadProcessMemory or WriteProcessMemory request was completed. (0x12B)
[1121/233329.719:ERROR:process_memory_win.cc(73)] ReadMemory at 0x7ffd5ebbf4f8 of 40 bytes failed: Only part of a ReadProcessMemory or WriteProcessMemory request was completed. (0x12B)
[1121/233329.719:ERROR:process_memory_win.cc(73)] ReadMemory at 0x7ffd5ebbf978 of 48 bytes failed: Only part of a ReadProcessMemory or WriteProcessMemory request was completed. (0x12B)
[1121/233329.719:ERROR:process_memory_win.cc(73)] ReadMemory at 0x7ffd5ebc53c0 of 64 bytes failed: Only part of a ReadProcessMemory or WriteProcessMemory request was completed. (0x12B)
[1121/233329.719:ERROR:scoped_process_suspend.cc(40)] NtResumeProcess: An attempt was made to access an exiting process. (0xc000010a)
[1121/234024.397:ERROR:process_info.cc(359)] UncheckedAllocate
[1122/130531.697:ERROR:process_info.cc(359)] UncheckedAllocate
[1122/130531.709:ERROR:process_info.cc(359)] UncheckedAllocate
[1122/130531.732:ERROR:process_info.cc(359)] UncheckedAllocate
[1122/130546.151:ERROR:process_info.cc(359)] UncheckedAllocate
[1122/130546.339:ERROR:process_info.cc(359)] UncheckedAllocate
[1122/130546.515:ERROR:process_info.cc(359)] UncheckedAllocate
[1122/130611.251:ERROR:process_info.cc(359)] UncheckedAllocate
[1122/153652.387:ERROR:process_info.cc(359)] UncheckedAllocate
[1122/161556.327:ERROR:process_info.cc(359)] UncheckedAllocate
[1122/161602.605:ERROR:process_info.cc(359)] UncheckedAllocate
[1122/161911.443:ERROR:process_info.cc(359)] UncheckedAllocate
[1122/162909.927:ERROR:process_info.cc(359)] UncheckedAllocate
[1122/165025.838:ERROR:process_info.cc(359)] UncheckedAllocate
[1122/165025.924:ERROR:process_info.cc(359)] UncheckedAllocate
[1122/232614.184:ERROR:process_info.cc(359)] UncheckedAllocate
