#
# There is insufficient memory for the Java Runtime Environment to continue.
# Native memory allocation (malloc) failed to allocate 32744 bytes for ChunkPool::allocate
# Possible reasons:
#   The system is out of physical RAM or swap space
#   The process is running with CompressedOops enabled, and the Java Heap may be blocking the growth of the native heap
# Possible solutions:
#   Reduce memory load on the system
#   Increase physical memory or swap space
#   Check if swap backing store is full
#   Decrease Java heap size (-Xmx/-Xms)
#   Decrease number of Java threads
#   Decrease Java thread stack sizes (-Xss)
#   Set larger code cache with -XX:ReservedCodeCacheSize=
#   JVM is running with Unscaled Compressed Oops mode in which the Java heap is
#     placed in the first 4GB address space. The Java Heap base address is the
#     maximum limit for the native heap growth. Please use -XX:HeapBaseMinAddress
#     to set the Java Heap base and to place the Java Heap above 4GB virtual address.
# This output file may be truncated or incomplete.
#
#  Out of Memory Error (allocation.cpp:273), pid=10888, tid=0x0000000000003134
#
# JRE version: Java(TM) SE Runtime Environment (8.0_201-b09) (build 1.8.0_201-b09)
# Java VM: Java HotSpot(TM) 64-Bit Server VM (25.201-b09 mixed mode windows-amd64 compressed oops)
# Failed to write core dump. Minidumps are not enabled by default on client versions of Windows
#

---------------  T H R E A D  ---------------

Current thread (0x000000001545f800):  JavaThread "C2 CompilerThread0" daemon [_thread_in_native, id=12596, stack(0x0000000016ab0000,0x0000000016bb0000)]

Stack: [0x0000000016ab0000,0x0000000016bb0000]
[error occurred during error reporting (printing stack bounds), id 0xc0000005]

Native frames: (J=compiled Java code, j=interpreted, Vv=VM code, C=native code)


Current CompileTask:
C2:   8727 1234   !   4       org.openqa.selenium.json.Input::init (71 bytes)


---------------  P R O C E S S  ---------------

Java Threads: ( => current thread )
  0x0000000017afc000 JavaThread "Okio Watchdog" daemon [_thread_blocked, id=10520, stack(0x00000000189f0000,0x0000000018af0000)]
  0x0000000017ae7000 JavaThread "OkHttp ConnectionPool" daemon [_thread_blocked, id=12984, stack(0x00000000188f0000,0x00000000189f0000)]
  0x0000000017939000 JavaThread "Exec Stream Pumper" daemon [_thread_in_native, id=1028, stack(0x00000000184f0000,0x00000000185f0000)]
  0x000000001790a000 JavaThread "Exec Stream Pumper" daemon [_thread_in_native, id=9256, stack(0x00000000183f0000,0x00000000184f0000)]
  0x000000001790b800 JavaThread "UrlChecker-2" daemon [_thread_blocked, id=10492, stack(0x00000000181f0000,0x00000000182f0000)]
  0x00000000178eb000 JavaThread "Exec Default Executor" daemon [_thread_in_native, id=12992, stack(0x00000000180f0000,0x00000000181f0000)]
  0x0000000016de8800 JavaThread "Service Thread" daemon [_thread_blocked, id=11444, stack(0x00000000171b0000,0x00000000172b0000)]
  0x000000001546a800 JavaThread "C1 CompilerThread2" daemon [_thread_blocked, id=5108, stack(0x0000000016cb0000,0x0000000016db0000)]
  0x0000000015466800 JavaThread "C2 CompilerThread1" daemon [_thread_blocked, id=10164, stack(0x0000000016bb0000,0x0000000016cb0000)]
=>0x000000001545f800 JavaThread "C2 CompilerThread0" daemon [_thread_in_native, id=12596, stack(0x0000000016ab0000,0x0000000016bb0000)]
  0x000000001545d800 JavaThread "Attach Listener" daemon [_thread_blocked, id=10664, stack(0x00000000169b0000,0x0000000016ab0000)]
  0x000000001545a000 JavaThread "Signal Dispatcher" daemon [_thread_blocked, id=9676, stack(0x00000000168b0000,0x00000000169b0000)]
  0x000000001544a000 JavaThread "Finalizer" daemon [_thread_blocked, id=12928, stack(0x00000000166b0000,0x00000000167b0000)]
  0x0000000002ed0000 JavaThread "Reference Handler" daemon [_thread_blocked, id=11548, stack(0x00000000165b0000,0x00000000166b0000)]
  0x0000000002ddd800 JavaThread "Forwarding newSession on session null to remote" [_thread_in_vm, id=9588, stack(0x0000000002c10000,0x0000000002d10000)]

Other Threads:
  0x0000000015428000 VMThread [stack: 0x00000000164b0000,0x00000000165b0000] [id=4404]
  0x0000000016dfb800 WatcherThread [stack: 0x00000000172b0000,0x00000000173b0000] [id=13020]

VM state:not at safepoint (normal execution)

VM Mutex/Monitor currently owned by a thread: None

heap address: 0x00000000c2200000, size: 990 MB, Compressed Oops mode: 32-bit
Narrow klass base: 0x0000000000000000, Narrow klass shift: 3
Compressed class space size: 1073741824 Address: 0x0000000100000000

Heap:
 PSYoungGen      total 18432K, used 18196K [0x00000000eb600000, 0x00000000eca80000, 0x0000000100000000)
  eden space 15872K, 98% used [0x00000000eb600000,0x00000000ec54d248,0x00000000ec580000)
  from space 2560K, 98% used [0x00000000ec580000,0x00000000ec7f8010,0x00000000ec800000)
  to   space 2560K, 0% used [0x00000000ec800000,0x00000000ec800000,0x00000000eca80000)
 ParOldGen       total 42496K, used 1394K [0x00000000c2200000, 0x00000000c4b80000, 0x00000000eb600000)
  object space 42496K, 3% used [0x00000000c2200000,0x00000000c235c9e0,0x00000000c4b80000)
 Metaspace       used 12887K, capacity 13620K, committed 13952K, reserved 1060864K
  class space    used 1636K, capacity 1806K, committed 1920K, reserved 1048576K

Card table byte_map: [0x00000000122a0000,0x0000000012490000] byte_map_base: 0x0000000011c8f000

Marking Bits: (ParMarkBitMap*) 0x000000005d234ce0
 Begin Bits: [0x00000000129e0000, 0x0000000013958000)
 End Bits:   [0x0000000013958000, 0x00000000148d0000)

Polling page: 0x0000000001370000

CodeCache: size=245760Kb used=4393Kb max_used=4393Kb free=241366Kb
 bounds [0x0000000002ee0000, 0x0000000003330000, 0x0000000011ee0000]
 total_blobs=1608 nmethods=1239 adapters=282
 compilation: enabled

Compilation events (10 events):
Event: 2.519 Thread 0x000000001546a800 nmethod 1230 0x00000000033262d0 code [0x0000000003326440, 0x00000000033265a8]
Event: 2.523 Thread 0x000000001546a800 1231       3       java.util.jar.Attributes$Name::equals (39 bytes)
Event: 2.523 Thread 0x000000001546a800 nmethod 1231 0x0000000003325890 code [0x0000000003325a20, 0x0000000003325ec8]
Event: 2.523 Thread 0x000000001546a800 1232       3       sun.misc.ASCIICaseInsensitiveComparator::compare (13 bytes)
Event: 2.523 Thread 0x000000001546a800 nmethod 1232 0x00000000033252d0 code [0x0000000003325440, 0x00000000033257a8]
Event: 2.526 Thread 0x000000001546a800 1233       1       java.util.logging.Logger::getName (5 bytes)
Event: 2.527 Thread 0x000000001546a800 nmethod 1233 0x0000000003324bd0 code [0x0000000003324d20, 0x0000000003324e30]
Event: 8.490 Thread 0x000000001545f800 1234   !   4       org.openqa.selenium.json.Input::init (71 bytes)
Event: 8.490 Thread 0x000000001546a800 1235       3       java.lang.Byte::valueOf (10 bytes)
Event: 8.490 Thread 0x000000001546a800 nmethod 1235 0x0000000003324810 code [0x0000000003324960, 0x0000000003324ad0]

GC Heap History (2 events):
Event: 1.096 GC heap before
{Heap before GC invocations=1 (full 0):
 PSYoungGen      total 18432K, used 15872K [0x00000000eb600000, 0x00000000eca80000, 0x0000000100000000)
  eden space 15872K, 100% used [0x00000000eb600000,0x00000000ec580000,0x00000000ec580000)
  from space 2560K, 0% used [0x00000000ec800000,0x00000000ec800000,0x00000000eca80000)
  to   space 2560K, 0% used [0x00000000ec580000,0x00000000ec580000,0x00000000ec800000)
 ParOldGen       total 42496K, used 0K [0x00000000c2200000, 0x00000000c4b80000, 0x00000000eb600000)
  object space 42496K, 0% used [0x00000000c2200000,0x00000000c2200000,0x00000000c4b80000)
 Metaspace       used 8764K, capacity 9062K, committed 9216K, reserved 1056768K
  class space    used 1036K, capacity 1161K, committed 1280K, reserved 1048576K
Event: 1.101 GC heap after
Heap after GC invocations=1 (full 0):
 PSYoungGen      total 18432K, used 2528K [0x00000000eb600000, 0x00000000eca80000, 0x0000000100000000)
  eden space 15872K, 0% used [0x00000000eb600000,0x00000000eb600000,0x00000000ec580000)
  from space 2560K, 98% used [0x00000000ec580000,0x00000000ec7f8010,0x00000000ec800000)
  to   space 2560K, 0% used [0x00000000ec800000,0x00000000ec800000,0x00000000eca80000)
 ParOldGen       total 42496K, used 1394K [0x00000000c2200000, 0x00000000c4b80000, 0x00000000eb600000)
  object space 42496K, 3% used [0x00000000c2200000,0x00000000c235c9e0,0x00000000c4b80000)
 Metaspace       used 8764K, capacity 9062K, committed 9216K, reserved 1056768K
  class space    used 1036K, capacity 1161K, committed 1280K, reserved 1048576K
}

Deoptimization events (10 events):
Event: 1.732 Thread 0x000000001790b800 Uncommon trap: reason=unstable_if action=reinterpret pc=0x000000000310e41c method=java.lang.CharacterDataLatin1.digit(II)I @ 82
Event: 2.253 Thread 0x000000001790b800 Uncommon trap: reason=unstable_if action=reinterpret pc=0x0000000003101554 method=java.lang.CharacterDataLatin1.digit(II)I @ 82
Event: 2.426 Thread 0x0000000002ddd800 Uncommon trap: reason=class_check action=maybe_recompile pc=0x0000000003201984 method=java.util.regex.Matcher.search(I)Z @ 86
Event: 2.426 Thread 0x0000000002ddd800 Uncommon trap: reason=class_check action=maybe_recompile pc=0x00000000031a8824 method=java.util.regex.Pattern$Curly.match(Ljava/util/regex/Matcher;ILjava/lang/CharSequence;)Z @ 19
Event: 2.426 Thread 0x0000000002ddd800 Uncommon trap: reason=class_check action=maybe_recompile pc=0x0000000003201984 method=java.util.regex.Matcher.search(I)Z @ 86
Event: 2.426 Thread 0x0000000002ddd800 Uncommon trap: reason=class_check action=maybe_recompile pc=0x0000000003201984 method=java.util.regex.Matcher.search(I)Z @ 86
Event: 2.426 Thread 0x0000000002ddd800 Uncommon trap: reason=class_check action=maybe_recompile pc=0x0000000003201984 method=java.util.regex.Matcher.search(I)Z @ 86
Event: 2.426 Thread 0x0000000002ddd800 Uncommon trap: reason=class_check action=maybe_recompile pc=0x00000000031a8824 method=java.util.regex.Pattern$Curly.match(Ljava/util/regex/Matcher;ILjava/lang/CharSequence;)Z @ 19
Event: 2.436 Thread 0x0000000002ddd800 Uncommon trap: reason=class_check action=maybe_recompile pc=0x00000000031a8824 method=java.util.regex.Pattern$Curly.match(Ljava/util/regex/Matcher;ILjava/lang/CharSequence;)Z @ 19
Event: 2.436 Thread 0x0000000002ddd800 Uncommon trap: reason=class_check action=maybe_recompile pc=0x00000000031a8824 method=java.util.regex.Pattern$Curly.match(Ljava/util/regex/Matcher;ILjava/lang/CharSequence;)Z @ 19

Classes redefined (0 events):
No events

Internal exceptions (10 events):
Event: 2.276 Thread 0x0000000002ddd800 Exception <a 'java/lang/IncompatibleClassChangeError': Found class java.lang.Object, but interface was expected> (0x00000000eba7d898) thrown at [C:\re\workspace\8-2-build-windows-amd64-cygwin\jdk8u201\12322\hotspot\src\share\vm\interpreter\linkResolver.cp
Event: 2.278 Thread 0x0000000002ddd800 Exception <a 'java/lang/NoSuchMethodError': java.lang.Object.lambda$or$2(Ljava/util/function/Predicate;Ljava/lang/Object;)Z> (0x00000000eba8c5d0) thrown at [C:\re\workspace\8-2-build-windows-amd64-cygwin\jdk8u201\12322\hotspot\src\share\vm\interpreter\lin
Event: 2.307 Thread 0x0000000002ddd800 Exception <a 'java/lang/ArrayIndexOutOfBoundsException': 18> (0x00000000ebb85d00) thrown at [C:\re\workspace\8-2-build-windows-amd64-cygwin\jdk8u201\12322\hotspot\src\share\vm\interpreter\interpreterRuntime.cpp, line 368]
Event: 2.307 Thread 0x0000000002ddd800 Exception <a 'java/lang/ArrayIndexOutOfBoundsException': 110> (0x00000000ebb87398) thrown at [C:\re\workspace\8-2-build-windows-amd64-cygwin\jdk8u201\12322\hotspot\src\share\vm\interpreter\interpreterRuntime.cpp, line 368]
Event: 2.308 Thread 0x0000000002ddd800 Exception <a 'java/lang/ArrayIndexOutOfBoundsException'> (0x00000000ebb88858) thrown at [C:\re\workspace\8-2-build-windows-amd64-cygwin\jdk8u201\12322\hotspot\src\share\vm\runtime\sharedRuntime.cpp, line 605]
Event: 2.309 Thread 0x0000000002ddd800 Exception <a 'java/lang/ArrayIndexOutOfBoundsException'> (0x00000000ebb89c18) thrown at [C:\re\workspace\8-2-build-windows-amd64-cygwin\jdk8u201\12322\hotspot\src\share\vm\runtime\sharedRuntime.cpp, line 605]
Event: 2.309 Thread 0x0000000002ddd800 Exception <a 'java/lang/ArrayIndexOutOfBoundsException'> (0x00000000ebb8ae90) thrown at [C:\re\workspace\8-2-build-windows-amd64-cygwin\jdk8u201\12322\hotspot\src\share\vm\runtime\sharedRuntime.cpp, line 605]
Event: 2.309 Thread 0x0000000002ddd800 Exception <a 'java/lang/ArrayIndexOutOfBoundsException'> (0x00000000ebb8f0c0) thrown at [C:\re\workspace\8-2-build-windows-amd64-cygwin\jdk8u201\12322\hotspot\src\share\vm\runtime\sharedRuntime.cpp, line 605]
Event: 2.310 Thread 0x0000000002ddd800 Exception <a 'java/lang/ArrayIndexOutOfBoundsException'> (0x00000000ebb927c8) thrown at [C:\re\workspace\8-2-build-windows-amd64-cygwin\jdk8u201\12322\hotspot\src\share\vm\runtime\sharedRuntime.cpp, line 605]
Event: 2.361 Thread 0x0000000002ddd800 Exception <a 'java/lang/NoSuchMethodError': java.lang.Object.lambda$chars$0()Ljava/util/Spliterator$OfInt;> (0x00000000ebd4bbc0) thrown at [C:\re\workspace\8-2-build-windows-amd64-cygwin\jdk8u201\12322\hotspot\src\share\vm\interpreter\linkResolver.cpp, li

Events (10 events):
Event: 8.488 loading class com/google/common/net/MediaType$Tokenizer
Event: 8.488 loading class com/google/common/net/MediaType$Tokenizer done
Event: 8.489 loading class com/google/common/collect/ImmutableSet$Indexed$1
Event: 8.489 loading class com/google/common/collect/ImmutableSet$Indexed$1 done
Event: 8.489 loading class com/google/common/base/MoreObjects
Event: 8.489 loading class com/google/common/base/MoreObjects done
Event: 8.490 loading class org/openqa/selenium/json/JsonInput
Event: 8.490 loading class org/openqa/selenium/json/JsonInput done
Event: 8.490 loading class org/openqa/selenium/json/JsonInput
Event: 8.490 loading class org/openqa/selenium/json/JsonInput done


Dynamic libraries:
0x00007ff614d00000 - 0x00007ff614d37000 	C:\Program Files\Java\jre1.8.0_201\bin\javaw.exe
0x00007ffccf1a0000 - 0x00007ffccf390000 	C:\WINDOWS\SYSTEM32\ntdll.dll
0x00007ffccd430000 - 0x00007ffccd4e2000 	C:\WINDOWS\System32\KERNEL32.DLL
0x00007ffccc330000 - 0x00007ffccc5d3000 	C:\WINDOWS\System32\KERNELBASE.dll
0x00007ffcce780000 - 0x00007ffcce823000 	C:\WINDOWS\System32\ADVAPI32.dll
0x00007ffccd670000 - 0x00007ffccd70e000 	C:\WINDOWS\System32\msvcrt.dll
0x00007ffccd390000 - 0x00007ffccd427000 	C:\WINDOWS\System32\sechost.dll
0x00007ffccd550000 - 0x00007ffccd670000 	C:\WINDOWS\System32\RPCRT4.dll
0x00007ffccd750000 - 0x00007ffccd8e4000 	C:\WINDOWS\System32\USER32.dll
0x00007ffccc710000 - 0x00007ffccc731000 	C:\WINDOWS\System32\win32u.dll
0x00007ffccd720000 - 0x00007ffccd746000 	C:\WINDOWS\System32\GDI32.dll
0x00007ffccc190000 - 0x00007ffccc324000 	C:\WINDOWS\System32\gdi32full.dll
0x00007ffccd130000 - 0x00007ffccd1ce000 	C:\WINDOWS\System32\msvcp_win.dll
0x00007ffccc610000 - 0x00007ffccc70a000 	C:\WINDOWS\System32\ucrtbase.dll
0x00007ffcbd950000 - 0x00007ffcbdbd5000 	C:\WINDOWS\WinSxS\amd64_microsoft.windows.common-controls_6595b64144ccf1df_6.0.18362.418_none_e6c6b287130d565d\COMCTL32.dll
0x00007ffccd8f0000 - 0x00007ffccdc26000 	C:\WINDOWS\System32\combase.dll
0x00007ffccd1d0000 - 0x00007ffccd250000 	C:\WINDOWS\System32\bcryptPrimitives.dll
0x00007ffcce5b0000 - 0x00007ffcce5de000 	C:\WINDOWS\System32\IMM32.DLL
0x000000005c850000 - 0x000000005c921000 	C:\Program Files\Java\jre1.8.0_201\bin\msvcr100.dll
0x000000005ca10000 - 0x000000005d2b4000 	C:\Program Files\Java\jre1.8.0_201\bin\server\jvm.dll
0x00007ffcce830000 - 0x00007ffcce838000 	C:\WINDOWS\System32\PSAPI.DLL
0x00007ffcc7440000 - 0x00007ffcc7464000 	C:\WINDOWS\SYSTEM32\WINMM.dll
0x00007ffcc1390000 - 0x00007ffcc139a000 	C:\WINDOWS\SYSTEM32\VERSION.dll
0x00007ffcc3f30000 - 0x00007ffcc3f39000 	C:\WINDOWS\SYSTEM32\WSOCK32.dll
0x00007ffccddb0000 - 0x00007ffccde1f000 	C:\WINDOWS\System32\WS2_32.dll
0x00007ffcc7410000 - 0x00007ffcc743d000 	C:\WINDOWS\SYSTEM32\WINMMBASE.dll
0x00007ffccd0e0000 - 0x00007ffccd12a000 	C:\WINDOWS\System32\cfgmgr32.dll
0x00007ffcbd2f0000 - 0x00007ffcbd2ff000 	C:\Program Files\Java\jre1.8.0_201\bin\verify.dll
0x00007ffcb2910000 - 0x00007ffcb2939000 	C:\Program Files\Java\jre1.8.0_201\bin\java.dll
0x00007ffcb90d0000 - 0x00007ffcb90e6000 	C:\Program Files\Java\jre1.8.0_201\bin\zip.dll
0x00007ffccea50000 - 0x00007ffccf135000 	C:\WINDOWS\System32\SHELL32.dll
0x00007ffcce010000 - 0x00007ffcce0b9000 	C:\WINDOWS\System32\shcore.dll
0x00007ffccc940000 - 0x00007ffccd0bf000 	C:\WINDOWS\System32\windows.storage.dll
0x00007ffccc0d0000 - 0x00007ffccc0ef000 	C:\WINDOWS\System32\profapi.dll
0x00007ffccc080000 - 0x00007ffccc0ca000 	C:\WINDOWS\System32\powrprof.dll
0x00007ffccc070000 - 0x00007ffccc080000 	C:\WINDOWS\System32\UMPDC.dll
0x00007ffcce9f0000 - 0x00007ffccea42000 	C:\WINDOWS\System32\shlwapi.dll
0x00007ffccc110000 - 0x00007ffccc121000 	C:\WINDOWS\System32\kernel.appcore.dll
0x00007ffccd0c0000 - 0x00007ffccd0d7000 	C:\WINDOWS\System32\cryptsp.dll
0x00007ffcb0440000 - 0x00007ffcb045a000 	C:\Program Files\Java\jre1.8.0_201\bin\net.dll
0x00007ffcb9e80000 - 0x00007ffcba056000 	C:\WINDOWS\SYSTEM32\urlmon.dll
0x00007ffcba180000 - 0x00007ffcba426000 	C:\WINDOWS\SYSTEM32\iertutil.dll
0x00007ffccbab0000 - 0x00007ffccbabc000 	C:\WINDOWS\SYSTEM32\CRYPTBASE.DLL
0x00007ffccb8e0000 - 0x00007ffccb947000 	C:\WINDOWS\system32\mswsock.dll
0x00007ffccb640000 - 0x00007ffccb70a000 	C:\WINDOWS\SYSTEM32\DNSAPI.dll
0x00007ffccd710000 - 0x00007ffccd718000 	C:\WINDOWS\System32\NSI.dll
0x00007ffccb5f0000 - 0x00007ffccb62a000 	C:\WINDOWS\SYSTEM32\IPHLPAPI.DLL
0x00007ffcbeab0000 - 0x00007ffcbeaba000 	C:\Windows\System32\rasadhlp.dll
0x00007ffcc1150000 - 0x00007ffcc11c7000 	C:\WINDOWS\System32\fwpuclnt.dll
0x00007ffccc5e0000 - 0x00007ffccc606000 	C:\WINDOWS\System32\bcrypt.dll
0x00007ffcaaa40000 - 0x00007ffcaaa64000 	C:\Program Files\Java\jre1.8.0_201\bin\sunec.dll
0x00007ffcb1000000 - 0x00007ffcb100b000 	C:\Program Files\Java\jre1.8.0_201\bin\sunmscapi.dll
0x00007ffccc740000 - 0x00007ffccc889000 	C:\WINDOWS\System32\CRYPT32.dll
0x00007ffccc0f0000 - 0x00007ffccc102000 	C:\WINDOWS\System32\MSASN1.dll
0x00007ffcc1230000 - 0x00007ffcc1246000 	C:\WINDOWS\SYSTEM32\dhcpcsvc6.DLL
0x00007ffcc1300000 - 0x00007ffcc131c000 	C:\WINDOWS\SYSTEM32\dhcpcsvc.DLL
0x00007ffcafd50000 - 0x00007ffcafd61000 	C:\Program Files\Java\jre1.8.0_201\bin\nio.dll
0x00007ffccb450000 - 0x00007ffccb483000 	C:\WINDOWS\system32\rsaenh.dll
0x00007ffccbf60000 - 0x00007ffccbf85000 	C:\WINDOWS\SYSTEM32\USERENV.dll

VM Arguments:
jvm_args: -Dfile.encoding=Cp1252 
java_command: org.tyss.Google
java_class_path (initial): G:\MyJavaProgram1\SeleniumDemo\bin;G:\MyJavaProgram1\SeleniumDemo\Jar\selenium-server-standalone-3.141.59.jar
Launcher Type: SUN_STANDARD

Environment Variables:
PATH=C:/Program Files/Java/jre1.8.0_201/bin/server;C:/Program Files/Java/jre1.8.0_201/bin;C:/Program Files/Java/jre1.8.0_201/lib/amd64;F:\oracle\product\10.2.0\db_1\bin;C:\Program Files (x86)\Common Files\Oracle\Java\javapath;C:\Windows\system32;C:\Windows;C:\Windows\System32\Wbem;C:\Windows\System32\WindowsPowerShell\v1.0\;C:\Program Files (x86)\NVIDIA Corporation\PhysX\Common;C:\WINDOWS\system32;C:\WINDOWS;C:\WINDOWS\System32\Wbem;C:\WINDOWS\System32\WindowsPowerShell\v1.0\;C:\Program Files\PuTTY\;C:\WINDOWS\System32\OpenSSH\;C:\Program Files\Amazon\AWSCLI\bin\;C:\Program Files\Git\cmd;C:\Program Files\Java\jdk1.8.0_181\bin;C:\Users\Mohit Verma\AppData\Local\Microsoft\WindowsApps;;C:\Users\Mohit Verma\Desktop;
USERNAME=Mohit
OS=Windows_NT
PROCESSOR_IDENTIFIER=Intel64 Family 6 Model 78 Stepping 3, GenuineIntel



---------------  S Y S T E M  ---------------

OS: Windows 10.0 , 64 bit Build 18362 (10.0.18362.329)

CPU:total 4 (initial active 4) (2 cores per cpu, 2 threads per core) family 6 model 78 stepping 3, cmov, cx8, fxsr, mmx, sse, sse2, sse3, ssse3, sse4.1, sse4.2, popcnt, avx, avx2, aes, clmul, erms, 3dnowpref, lzcnt, ht, tsc, tscinvbit, bmi1, bmi2, adx

Memory: 4k page, physical 4052084k(404272k free), swap 5475444k(15888k free)

vm_info: Java HotSpot(TM) 64-Bit Server VM (25.201-b09) for windows-amd64 JRE (1.8.0_201-b09), built on Dec 15 2018 18:36:39 by "java_re" with MS VC++ 10.0 (VS2010)

time: Fri Nov 22 15:36:52 2019
timezone: India Standard Time
elapsed time: 9 seconds (0d 0h 0m 9s)

